2016-06-08 12:56:13,262 [Worker-15] INFO  o.e.m.c.i.e.AbstractTransferListenerAdapter - Downloaded http://web.cloud.lsd.ufcg.edu.br:44174/nexus/content/repositories/br.edu.ufcg/br/edu/ufcg/ccc/leda-compactor-tool/1.0.0-SNAPSHOT/maven-metadata.xml
2016-06-08 12:56:13,313 [Worker-15] WARN  o.e.m.c.i.embedder.EclipseLogger - Could not transfer metadata br.edu.ufcg.ccc:leda-compactor-tool:1.0.0-SNAPSHOT/maven-metadata.xml from/to ufcg-maven2 (http://web.cloud.lsd.ufcg.edu.br:44174/nexus/content/repositories/br.edu.ufcg): web.cloud.lsd.ufcg.edu.br: unknown error
2016-06-08 12:56:13,318 [Worker-15] INFO  o.e.m.c.i.e.AbstractTransferListenerAdapter - Downloaded http://web.cloud.lsd.ufcg.edu.br:44174/nexus/content/repositories/br.edu.ufcg/br/edu/ufcg/ccc/leda-compactor-tool/1.0.0-SNAPSHOT/leda-compactor-tool-1.0.0-SNAPSHOT.jar
2016-06-08 12:56:14,740 [Worker-15] INFO  o.e.m.c.i.l.LifecycleMappingFactory - Using org.eclipse.m2e.jdt.JarLifecycleMapping lifecycle mapping for MavenProject: br.edu.ufcg.computacao:submission:1.0 @ /home/gersonsales/github/leda/LEDA/roteiros/roteiro(1)/Roteiro-OrdenacaoPorComparacao-I-environment-T1_T2/pom.xml.
2016-06-08 12:56:14,791 [Worker-15] INFO  o.e.m.c.i.e.AbstractTransferListenerAdapter - Downloaded http://web.cloud.lsd.ufcg.edu.br:44174/nexus/content/repositories/br.edu.ufcg/org/apache/maven/plugins/maven-clean-plugin/3.0.0/maven-clean-plugin-3.0.0.jar
2016-06-08 12:56:15,797 [Worker-15] INFO  o.e.m.c.i.e.AbstractTransferListenerAdapter - Downloading https://repo.maven.apache.org/maven2/org/apache/maven/plugins/maven-clean-plugin/3.0.0/maven-clean-plugin-3.0.0.jar
2016-06-08 12:56:18,240 [Worker-15] INFO  o.e.m.c.i.e.AbstractTransferListenerAdapter - Downloaded https://repo.maven.apache.org/maven2/org/apache/maven/plugins/maven-clean-plugin/3.0.0/maven-clean-plugin-3.0.0.jar
2016-06-08 12:56:18,753 [Worker-15] INFO  o.e.m.c.i.l.LifecycleMappingFactory - Using org.eclipse.m2e.jdt.JarLifecycleMapping lifecycle mapping for MavenProject: br.edu.ufcg.computacao:submission:1.0 @ /home/gersonsales/github/leda/LEDA/roteiros/roteiro(1)/Roteiro-OrdenacaoPorComparacao-I-environment-T3/pom.xml.
2016-06-08 12:56:19,429 [Worker-15] INFO  o.e.m.j.i.AbstractJavaProjectConfigurator - Adding source folder /Roteiro-OrdenacaoPorComparacao-I-environment-T3/src/main/java
2016-06-08 12:56:19,430 [Worker-15] INFO  o.e.m.j.i.AbstractJavaProjectConfigurator - Adding source folder /Roteiro-OrdenacaoPorComparacao-I-environment-T3/src/test/java
2016-06-08 12:56:20,942 [Worker-15] INFO  o.e.m.c.i.p.ProjectConfigurationManager - Imported and configured 2 project(s) in 26 sec
2016-06-08 12:56:22,333 [Worker-4] WARN  o.e.m.c.i.embedder.EclipseLogger - Using platform encoding (UTF-8 actually) to copy filtered resources, i.e. build is platform dependent!
2016-06-08 12:56:22,337 [Worker-4] INFO  o.e.m.c.i.embedder.EclipseLogger - skip non existing resourceDirectory /home/gersonsales/github/leda/LEDA/roteiros/roteiro(1)/Roteiro-OrdenacaoPorComparacao-I-environment-T1_T2/src/main/resources
2016-06-08 12:56:22,341 [Worker-4] WARN  o.e.m.c.i.embedder.EclipseLogger - Using platform encoding (UTF-8 actually) to copy filtered resources, i.e. build is platform dependent!
2016-06-08 12:56:22,341 [Worker-4] INFO  o.e.m.c.i.embedder.EclipseLogger - skip non existing resourceDirectory /home/gersonsales/github/leda/LEDA/roteiros/roteiro(1)/Roteiro-OrdenacaoPorComparacao-I-environment-T1_T2/src/test/resources
2016-06-08 12:56:22,872 [Worker-4] WARN  o.e.m.c.i.embedder.EclipseLogger - Using platform encoding (UTF-8 actually) to copy filtered resources, i.e. build is platform dependent!
2016-06-08 12:56:22,873 [Worker-4] INFO  o.e.m.c.i.embedder.EclipseLogger - skip non existing resourceDirectory /home/gersonsales/github/leda/LEDA/roteiros/roteiro(1)/Roteiro-OrdenacaoPorComparacao-I-environment-T3/src/main/resources
2016-06-08 12:56:22,880 [Worker-4] WARN  o.e.m.c.i.embedder.EclipseLogger - Using platform encoding (UTF-8 actually) to copy filtered resources, i.e. build is platform dependent!
2016-06-08 12:56:22,881 [Worker-4] INFO  o.e.m.c.i.embedder.EclipseLogger - skip non existing resourceDirectory /home/gersonsales/github/leda/LEDA/roteiros/roteiro(1)/Roteiro-OrdenacaoPorComparacao-I-environment-T3/src/test/resources
2016-06-08 13:00:18,581 [Worker-16] INFO  o.e.m.c.i.p.ProjectConfigurationManager - Update started
2016-06-08 13:00:18,735 [Worker-16] WARN  o.e.m.c.i.embedder.EclipseLogger - Failure to transfer br.edu.ufcg.ccc:leda-compactor-tool:1.0.0-SNAPSHOT/maven-metadata.xml from http://web.cloud.lsd.ufcg.edu.br:44174/nexus/content/repositories/br.edu.ufcg was cached in the local repository, resolution will not be reattempted until the update interval of ufcg-maven2 has elapsed or updates are forced. Original error: Could not transfer metadata br.edu.ufcg.ccc:leda-compactor-tool:1.0.0-SNAPSHOT/maven-metadata.xml from/to ufcg-maven2 (http://web.cloud.lsd.ufcg.edu.br:44174/nexus/content/repositories/br.edu.ufcg): web.cloud.lsd.ufcg.edu.br: unknown error
2016-06-08 13:00:18,784 [Worker-16] INFO  o.e.m.c.i.l.LifecycleMappingFactory - Using org.eclipse.m2e.jdt.JarLifecycleMapping lifecycle mapping for MavenProject: br.edu.ufcg.computacao:submission:1.0 @ /home/gersonsales/github/leda/LEDA/roteiros/roteiro(1)/Roteiro-OrdenacaoPorComparacao-I-environment-T1_T2/pom.xml.
2016-06-08 13:00:18,987 [Worker-16] INFO  o.e.m.j.i.AbstractJavaProjectConfigurator - Adding source folder /Roteiro-OrdenacaoPorComparacao-I-environment-T1_T2/src/main/java
2016-06-08 13:00:18,988 [Worker-16] INFO  o.e.m.j.i.AbstractJavaProjectConfigurator - Adding source folder /Roteiro-OrdenacaoPorComparacao-I-environment-T1_T2/src/test/java
2016-06-08 13:00:19,050 [Worker-16] INFO  o.e.m.c.i.p.ProjectConfigurationManager - Update completed: 0 sec
2016-06-08 13:00:19,296 [Worker-16] WARN  o.e.m.c.i.embedder.EclipseLogger - Using platform encoding (UTF-8 actually) to copy filtered resources, i.e. build is platform dependent!
2016-06-08 13:00:19,297 [Worker-16] INFO  o.e.m.c.i.embedder.EclipseLogger - skip non existing resourceDirectory /home/gersonsales/github/leda/LEDA/roteiros/roteiro(1)/Roteiro-OrdenacaoPorComparacao-I-environment-T1_T2/src/main/resources
2016-06-08 13:00:19,299 [Worker-16] WARN  o.e.m.c.i.embedder.EclipseLogger - Using platform encoding (UTF-8 actually) to copy filtered resources, i.e. build is platform dependent!
2016-06-08 13:00:19,300 [Worker-16] INFO  o.e.m.c.i.embedder.EclipseLogger - skip non existing resourceDirectory /home/gersonsales/github/leda/LEDA/roteiros/roteiro(1)/Roteiro-OrdenacaoPorComparacao-I-environment-T1_T2/src/test/resources
