2016-06-08 17:17:47,204 [Worker-3] WARN  o.e.m.c.i.embedder.EclipseLogger - Failure to transfer br.edu.ufcg.ccc:leda-compactor-tool:1.0.0-SNAPSHOT/maven-metadata.xml from http://web.cloud.lsd.ufcg.edu.br:44174/nexus/content/repositories/br.edu.ufcg was cached in the local repository, resolution will not be reattempted until the update interval of ufcg-maven2 has elapsed or updates are forced. Original error: Could not transfer metadata br.edu.ufcg.ccc:leda-compactor-tool:1.0.0-SNAPSHOT/maven-metadata.xml from/to ufcg-maven2 (http://web.cloud.lsd.ufcg.edu.br:44174/nexus/content/repositories/br.edu.ufcg): web.cloud.lsd.ufcg.edu.br: unknown error
2016-06-08 17:17:47,976 [Worker-3] INFO  o.e.m.c.i.l.LifecycleMappingFactory - Using org.eclipse.m2e.jdt.JarLifecycleMapping lifecycle mapping for MavenProject: br.edu.ufcg.computacao:submission:1.0 @ /home/gersonsales/github/leda/LEDA/roteiros/roteiro(2)/Roteiro-OrdenacaoPorComparacao-II-environment-T3/pom.xml.
2016-06-08 17:17:48,061 [Worker-3] INFO  o.e.m.c.i.l.LifecycleMappingFactory - Using org.eclipse.m2e.jdt.JarLifecycleMapping lifecycle mapping for MavenProject: br.edu.ufcg.computacao:submission:1.0 @ /home/gersonsales/github/leda/LEDA/roteiros/roteiro(2)/Roteiro-OrdenacaoPorComparacao-II-environment-T1_T2/pom.xml.
2016-06-08 17:17:49,586 [Worker-3] INFO  o.e.m.j.i.AbstractJavaProjectConfigurator - Adding source folder /Roteiro-OrdenacaoPorComparacao-II-environment-T1_T2/src/main/java
2016-06-08 17:17:49,588 [Worker-3] INFO  o.e.m.j.i.AbstractJavaProjectConfigurator - Adding source folder /Roteiro-OrdenacaoPorComparacao-II-environment-T1_T2/src/test/java
2016-06-08 17:17:51,336 [Worker-3] INFO  o.e.m.c.i.p.ProjectConfigurationManager - Imported and configured 2 project(s) in 4 sec
2016-06-08 17:17:52,798 [Worker-8] WARN  o.e.m.c.i.embedder.EclipseLogger - Using platform encoding (UTF-8 actually) to copy filtered resources, i.e. build is platform dependent!
2016-06-08 17:17:52,800 [Worker-8] INFO  o.e.m.c.i.embedder.EclipseLogger - skip non existing resourceDirectory /home/gersonsales/github/leda/LEDA/roteiros/roteiro(2)/Roteiro-OrdenacaoPorComparacao-II-environment-T1_T2/src/main/resources
2016-06-08 17:17:52,812 [Worker-8] WARN  o.e.m.c.i.embedder.EclipseLogger - Using platform encoding (UTF-8 actually) to copy filtered resources, i.e. build is platform dependent!
2016-06-08 17:17:52,812 [Worker-8] INFO  o.e.m.c.i.embedder.EclipseLogger - skip non existing resourceDirectory /home/gersonsales/github/leda/LEDA/roteiros/roteiro(2)/Roteiro-OrdenacaoPorComparacao-II-environment-T1_T2/src/test/resources
2016-06-08 17:17:52,840 [Worker-8] WARN  o.e.m.c.i.embedder.EclipseLogger - Using platform encoding (UTF-8 actually) to copy filtered resources, i.e. build is platform dependent!
2016-06-08 17:17:52,840 [Worker-8] INFO  o.e.m.c.i.embedder.EclipseLogger - skip non existing resourceDirectory /home/gersonsales/github/leda/LEDA/roteiros/roteiro(2)/Roteiro-OrdenacaoPorComparacao-II-environment-T3/src/main/resources
2016-06-08 17:17:52,852 [Worker-8] WARN  o.e.m.c.i.embedder.EclipseLogger - Using platform encoding (UTF-8 actually) to copy filtered resources, i.e. build is platform dependent!
2016-06-08 17:17:52,852 [Worker-8] INFO  o.e.m.c.i.embedder.EclipseLogger - skip non existing resourceDirectory /home/gersonsales/github/leda/LEDA/roteiros/roteiro(2)/Roteiro-OrdenacaoPorComparacao-II-environment-T3/src/test/resources
2016-06-08 17:18:07,858 [Worker-12] INFO  o.e.m.c.i.p.ProjectConfigurationManager - Update started
2016-06-08 17:18:08,023 [Worker-12] WARN  o.e.m.c.i.embedder.EclipseLogger - Failure to transfer br.edu.ufcg.ccc:leda-compactor-tool:1.0.0-SNAPSHOT/maven-metadata.xml from http://web.cloud.lsd.ufcg.edu.br:44174/nexus/content/repositories/br.edu.ufcg was cached in the local repository, resolution will not be reattempted until the update interval of ufcg-maven2 has elapsed or updates are forced. Original error: Could not transfer metadata br.edu.ufcg.ccc:leda-compactor-tool:1.0.0-SNAPSHOT/maven-metadata.xml from/to ufcg-maven2 (http://web.cloud.lsd.ufcg.edu.br:44174/nexus/content/repositories/br.edu.ufcg): web.cloud.lsd.ufcg.edu.br: unknown error
2016-06-08 17:18:08,049 [Worker-12] INFO  o.e.m.c.i.l.LifecycleMappingFactory - Using org.eclipse.m2e.jdt.JarLifecycleMapping lifecycle mapping for MavenProject: br.edu.ufcg.computacao:submission:1.0 @ /home/gersonsales/github/leda/LEDA/roteiros/roteiro(2)/Roteiro-OrdenacaoPorComparacao-II-environment-T3/pom.xml.
2016-06-08 17:18:08,262 [Worker-12] INFO  o.e.m.j.i.AbstractJavaProjectConfigurator - Adding source folder /Roteiro-OrdenacaoPorComparacao-II-environment-T3/src/main/java
2016-06-08 17:18:08,263 [Worker-12] INFO  o.e.m.j.i.AbstractJavaProjectConfigurator - Adding source folder /Roteiro-OrdenacaoPorComparacao-II-environment-T3/src/test/java
2016-06-08 17:18:08,330 [Worker-12] INFO  o.e.m.c.i.p.ProjectConfigurationManager - Update completed: 0 sec
2016-06-08 17:18:08,562 [Worker-4] WARN  o.e.m.c.i.embedder.EclipseLogger - Using platform encoding (UTF-8 actually) to copy filtered resources, i.e. build is platform dependent!
2016-06-08 17:18:08,562 [Worker-4] INFO  o.e.m.c.i.embedder.EclipseLogger - skip non existing resourceDirectory /home/gersonsales/github/leda/LEDA/roteiros/roteiro(2)/Roteiro-OrdenacaoPorComparacao-II-environment-T3/src/main/resources
2016-06-08 17:18:08,568 [Worker-4] WARN  o.e.m.c.i.embedder.EclipseLogger - Using platform encoding (UTF-8 actually) to copy filtered resources, i.e. build is platform dependent!
2016-06-08 17:18:08,568 [Worker-4] INFO  o.e.m.c.i.embedder.EclipseLogger - skip non existing resourceDirectory /home/gersonsales/github/leda/LEDA/roteiros/roteiro(2)/Roteiro-OrdenacaoPorComparacao-II-environment-T3/src/test/resources
2016-06-09 00:09:24,760 [Worker-66] WARN  o.e.m.c.i.embedder.EclipseLogger - Using platform encoding (UTF-8 actually) to copy filtered resources, i.e. build is platform dependent!
2016-06-09 00:09:24,761 [Worker-66] INFO  o.e.m.c.i.embedder.EclipseLogger - skip non existing resourceDirectory /home/gersonsales/github/leda/LEDA/roteiros/roteiro(2)/Roteiro-OrdenacaoPorComparacao-II-environment-T1_T2/src/main/resources
2016-06-09 00:09:24,763 [Worker-66] WARN  o.e.m.c.i.embedder.EclipseLogger - Using platform encoding (UTF-8 actually) to copy filtered resources, i.e. build is platform dependent!
2016-06-09 00:09:24,764 [Worker-66] INFO  o.e.m.c.i.embedder.EclipseLogger - skip non existing resourceDirectory /home/gersonsales/github/leda/LEDA/roteiros/roteiro(2)/Roteiro-OrdenacaoPorComparacao-II-environment-T1_T2/src/test/resources
2016-06-09 00:11:49,593 [Worker-67] WARN  o.e.m.c.i.embedder.EclipseLogger - Using platform encoding (UTF-8 actually) to copy filtered resources, i.e. build is platform dependent!
2016-06-09 00:11:49,593 [Worker-67] INFO  o.e.m.c.i.embedder.EclipseLogger - skip non existing resourceDirectory /home/gersonsales/github/leda/LEDA/roteiros/roteiro(2)/Roteiro-OrdenacaoPorComparacao-II-environment-T1_T2/src/main/resources
2016-06-09 00:11:49,594 [Worker-67] WARN  o.e.m.c.i.embedder.EclipseLogger - Using platform encoding (UTF-8 actually) to copy filtered resources, i.e. build is platform dependent!
2016-06-09 00:11:49,595 [Worker-67] INFO  o.e.m.c.i.embedder.EclipseLogger - skip non existing resourceDirectory /home/gersonsales/github/leda/LEDA/roteiros/roteiro(2)/Roteiro-OrdenacaoPorComparacao-II-environment-T1_T2/src/test/resources
2016-06-09 00:14:47,656 [Worker-66] WARN  o.e.m.c.i.embedder.EclipseLogger - Using platform encoding (UTF-8 actually) to copy filtered resources, i.e. build is platform dependent!
2016-06-09 00:14:47,656 [Worker-66] INFO  o.e.m.c.i.embedder.EclipseLogger - skip non existing resourceDirectory /home/gersonsales/github/leda/LEDA/roteiros/roteiro(2)/Roteiro-OrdenacaoPorComparacao-II-environment-T1_T2/src/main/resources
2016-06-09 00:14:47,658 [Worker-66] WARN  o.e.m.c.i.embedder.EclipseLogger - Using platform encoding (UTF-8 actually) to copy filtered resources, i.e. build is platform dependent!
2016-06-09 00:14:47,658 [Worker-66] INFO  o.e.m.c.i.embedder.EclipseLogger - skip non existing resourceDirectory /home/gersonsales/github/leda/LEDA/roteiros/roteiro(2)/Roteiro-OrdenacaoPorComparacao-II-environment-T1_T2/src/test/resources
2016-06-09 00:14:48,687 [Worker-48] WARN  o.e.m.c.i.embedder.EclipseLogger - Using platform encoding (UTF-8 actually) to copy filtered resources, i.e. build is platform dependent!
2016-06-09 00:14:48,688 [Worker-48] INFO  o.e.m.c.i.embedder.EclipseLogger - skip non existing resourceDirectory /home/gersonsales/github/leda/LEDA/roteiros/roteiro(2)/Roteiro-OrdenacaoPorComparacao-II-environment-T1_T2/src/main/resources
2016-06-09 00:14:48,689 [Worker-48] WARN  o.e.m.c.i.embedder.EclipseLogger - Using platform encoding (UTF-8 actually) to copy filtered resources, i.e. build is platform dependent!
2016-06-09 00:14:48,690 [Worker-48] INFO  o.e.m.c.i.embedder.EclipseLogger - skip non existing resourceDirectory /home/gersonsales/github/leda/LEDA/roteiros/roteiro(2)/Roteiro-OrdenacaoPorComparacao-II-environment-T1_T2/src/test/resources
2016-06-09 00:14:54,297 [Worker-67] WARN  o.e.m.c.i.embedder.EclipseLogger - Using platform encoding (UTF-8 actually) to copy filtered resources, i.e. build is platform dependent!
2016-06-09 00:14:54,298 [Worker-67] INFO  o.e.m.c.i.embedder.EclipseLogger - skip non existing resourceDirectory /home/gersonsales/github/leda/LEDA/roteiros/roteiro(2)/Roteiro-OrdenacaoPorComparacao-II-environment-T1_T2/src/main/resources
2016-06-09 00:14:54,301 [Worker-67] WARN  o.e.m.c.i.embedder.EclipseLogger - Using platform encoding (UTF-8 actually) to copy filtered resources, i.e. build is platform dependent!
2016-06-09 00:14:54,301 [Worker-67] INFO  o.e.m.c.i.embedder.EclipseLogger - skip non existing resourceDirectory /home/gersonsales/github/leda/LEDA/roteiros/roteiro(2)/Roteiro-OrdenacaoPorComparacao-II-environment-T1_T2/src/test/resources
2016-06-09 00:16:14,841 [Worker-72] WARN  o.e.m.c.i.embedder.EclipseLogger - Using platform encoding (UTF-8 actually) to copy filtered resources, i.e. build is platform dependent!
2016-06-09 00:16:14,841 [Worker-72] INFO  o.e.m.c.i.embedder.EclipseLogger - skip non existing resourceDirectory /home/gersonsales/github/leda/LEDA/roteiros/roteiro(2)/Roteiro-OrdenacaoPorComparacao-II-environment-T1_T2/src/main/resources
2016-06-09 00:16:14,843 [Worker-72] WARN  o.e.m.c.i.embedder.EclipseLogger - Using platform encoding (UTF-8 actually) to copy filtered resources, i.e. build is platform dependent!
2016-06-09 00:16:14,843 [Worker-72] INFO  o.e.m.c.i.embedder.EclipseLogger - skip non existing resourceDirectory /home/gersonsales/github/leda/LEDA/roteiros/roteiro(2)/Roteiro-OrdenacaoPorComparacao-II-environment-T1_T2/src/test/resources
2016-06-09 00:16:29,673 [Worker-73] WARN  o.e.m.c.i.embedder.EclipseLogger - Using platform encoding (UTF-8 actually) to copy filtered resources, i.e. build is platform dependent!
2016-06-09 00:16:29,674 [Worker-73] INFO  o.e.m.c.i.embedder.EclipseLogger - skip non existing resourceDirectory /home/gersonsales/github/leda/LEDA/roteiros/roteiro(2)/Roteiro-OrdenacaoPorComparacao-II-environment-T1_T2/src/main/resources
2016-06-09 00:16:29,675 [Worker-73] WARN  o.e.m.c.i.embedder.EclipseLogger - Using platform encoding (UTF-8 actually) to copy filtered resources, i.e. build is platform dependent!
2016-06-09 00:16:29,675 [Worker-73] INFO  o.e.m.c.i.embedder.EclipseLogger - skip non existing resourceDirectory /home/gersonsales/github/leda/LEDA/roteiros/roteiro(2)/Roteiro-OrdenacaoPorComparacao-II-environment-T1_T2/src/test/resources
2016-06-09 00:16:54,971 [Worker-67] WARN  o.e.m.c.i.embedder.EclipseLogger - Using platform encoding (UTF-8 actually) to copy filtered resources, i.e. build is platform dependent!
2016-06-09 00:16:54,972 [Worker-67] INFO  o.e.m.c.i.embedder.EclipseLogger - skip non existing resourceDirectory /home/gersonsales/github/leda/LEDA/roteiros/roteiro(2)/Roteiro-OrdenacaoPorComparacao-II-environment-T1_T2/src/main/resources
2016-06-09 00:16:54,976 [Worker-67] WARN  o.e.m.c.i.embedder.EclipseLogger - Using platform encoding (UTF-8 actually) to copy filtered resources, i.e. build is platform dependent!
2016-06-09 00:16:54,977 [Worker-67] INFO  o.e.m.c.i.embedder.EclipseLogger - skip non existing resourceDirectory /home/gersonsales/github/leda/LEDA/roteiros/roteiro(2)/Roteiro-OrdenacaoPorComparacao-II-environment-T1_T2/src/test/resources
2016-06-09 00:17:02,062 [Worker-66] WARN  o.e.m.c.i.embedder.EclipseLogger - Using platform encoding (UTF-8 actually) to copy filtered resources, i.e. build is platform dependent!
2016-06-09 00:17:02,062 [Worker-66] INFO  o.e.m.c.i.embedder.EclipseLogger - skip non existing resourceDirectory /home/gersonsales/github/leda/LEDA/roteiros/roteiro(2)/Roteiro-OrdenacaoPorComparacao-II-environment-T1_T2/src/main/resources
2016-06-09 00:17:02,064 [Worker-66] WARN  o.e.m.c.i.embedder.EclipseLogger - Using platform encoding (UTF-8 actually) to copy filtered resources, i.e. build is platform dependent!
2016-06-09 00:17:02,064 [Worker-66] INFO  o.e.m.c.i.embedder.EclipseLogger - skip non existing resourceDirectory /home/gersonsales/github/leda/LEDA/roteiros/roteiro(2)/Roteiro-OrdenacaoPorComparacao-II-environment-T1_T2/src/test/resources
2016-06-09 00:17:22,503 [Worker-48] WARN  o.e.m.c.i.embedder.EclipseLogger - Using platform encoding (UTF-8 actually) to copy filtered resources, i.e. build is platform dependent!
2016-06-09 00:17:22,504 [Worker-48] INFO  o.e.m.c.i.embedder.EclipseLogger - skip non existing resourceDirectory /home/gersonsales/github/leda/LEDA/roteiros/roteiro(2)/Roteiro-OrdenacaoPorComparacao-II-environment-T1_T2/src/main/resources
2016-06-09 00:17:22,505 [Worker-48] WARN  o.e.m.c.i.embedder.EclipseLogger - Using platform encoding (UTF-8 actually) to copy filtered resources, i.e. build is platform dependent!
2016-06-09 00:17:22,505 [Worker-48] INFO  o.e.m.c.i.embedder.EclipseLogger - skip non existing resourceDirectory /home/gersonsales/github/leda/LEDA/roteiros/roteiro(2)/Roteiro-OrdenacaoPorComparacao-II-environment-T1_T2/src/test/resources
2016-06-09 00:17:29,423 [Worker-67] WARN  o.e.m.c.i.embedder.EclipseLogger - Using platform encoding (UTF-8 actually) to copy filtered resources, i.e. build is platform dependent!
2016-06-09 00:17:29,424 [Worker-67] INFO  o.e.m.c.i.embedder.EclipseLogger - skip non existing resourceDirectory /home/gersonsales/github/leda/LEDA/roteiros/roteiro(2)/Roteiro-OrdenacaoPorComparacao-II-environment-T1_T2/src/main/resources
2016-06-09 00:17:29,425 [Worker-67] WARN  o.e.m.c.i.embedder.EclipseLogger - Using platform encoding (UTF-8 actually) to copy filtered resources, i.e. build is platform dependent!
2016-06-09 00:17:29,425 [Worker-67] INFO  o.e.m.c.i.embedder.EclipseLogger - skip non existing resourceDirectory /home/gersonsales/github/leda/LEDA/roteiros/roteiro(2)/Roteiro-OrdenacaoPorComparacao-II-environment-T1_T2/src/test/resources
2016-06-09 00:17:54,865 [Worker-66] WARN  o.e.m.c.i.embedder.EclipseLogger - Using platform encoding (UTF-8 actually) to copy filtered resources, i.e. build is platform dependent!
2016-06-09 00:17:54,866 [Worker-66] INFO  o.e.m.c.i.embedder.EclipseLogger - skip non existing resourceDirectory /home/gersonsales/github/leda/LEDA/roteiros/roteiro(2)/Roteiro-OrdenacaoPorComparacao-II-environment-T1_T2/src/main/resources
2016-06-09 00:17:54,868 [Worker-66] WARN  o.e.m.c.i.embedder.EclipseLogger - Using platform encoding (UTF-8 actually) to copy filtered resources, i.e. build is platform dependent!
2016-06-09 00:17:54,868 [Worker-66] INFO  o.e.m.c.i.embedder.EclipseLogger - skip non existing resourceDirectory /home/gersonsales/github/leda/LEDA/roteiros/roteiro(2)/Roteiro-OrdenacaoPorComparacao-II-environment-T1_T2/src/test/resources
2016-06-09 00:18:55,741 [Worker-72] WARN  o.e.m.c.i.embedder.EclipseLogger - Using platform encoding (UTF-8 actually) to copy filtered resources, i.e. build is platform dependent!
2016-06-09 00:18:55,741 [Worker-72] INFO  o.e.m.c.i.embedder.EclipseLogger - skip non existing resourceDirectory /home/gersonsales/github/leda/LEDA/roteiros/roteiro(2)/Roteiro-OrdenacaoPorComparacao-II-environment-T1_T2/src/main/resources
2016-06-09 00:18:55,744 [Worker-72] WARN  o.e.m.c.i.embedder.EclipseLogger - Using platform encoding (UTF-8 actually) to copy filtered resources, i.e. build is platform dependent!
2016-06-09 00:18:55,744 [Worker-72] INFO  o.e.m.c.i.embedder.EclipseLogger - skip non existing resourceDirectory /home/gersonsales/github/leda/LEDA/roteiros/roteiro(2)/Roteiro-OrdenacaoPorComparacao-II-environment-T1_T2/src/test/resources
2016-06-09 00:19:27,116 [Worker-67] WARN  o.e.m.c.i.embedder.EclipseLogger - Using platform encoding (UTF-8 actually) to copy filtered resources, i.e. build is platform dependent!
2016-06-09 00:19:27,117 [Worker-67] INFO  o.e.m.c.i.embedder.EclipseLogger - skip non existing resourceDirectory /home/gersonsales/github/leda/LEDA/roteiros/roteiro(2)/Roteiro-OrdenacaoPorComparacao-II-environment-T1_T2/src/main/resources
2016-06-09 00:19:27,117 [Worker-67] WARN  o.e.m.c.i.embedder.EclipseLogger - Using platform encoding (UTF-8 actually) to copy filtered resources, i.e. build is platform dependent!
2016-06-09 00:19:27,118 [Worker-67] INFO  o.e.m.c.i.embedder.EclipseLogger - skip non existing resourceDirectory /home/gersonsales/github/leda/LEDA/roteiros/roteiro(2)/Roteiro-OrdenacaoPorComparacao-II-environment-T1_T2/src/test/resources
2016-06-09 00:24:46,154 [Worker-72] WARN  o.e.m.c.i.embedder.EclipseLogger - Using platform encoding (UTF-8 actually) to copy filtered resources, i.e. build is platform dependent!
2016-06-09 00:24:46,154 [Worker-72] INFO  o.e.m.c.i.embedder.EclipseLogger - skip non existing resourceDirectory /home/gersonsales/github/leda/LEDA/roteiros/roteiro(2)/Roteiro-OrdenacaoPorComparacao-II-environment-T1_T2/src/main/resources
2016-06-09 00:24:46,155 [Worker-72] WARN  o.e.m.c.i.embedder.EclipseLogger - Using platform encoding (UTF-8 actually) to copy filtered resources, i.e. build is platform dependent!
2016-06-09 00:24:46,165 [Worker-72] INFO  o.e.m.c.i.embedder.EclipseLogger - skip non existing resourceDirectory /home/gersonsales/github/leda/LEDA/roteiros/roteiro(2)/Roteiro-OrdenacaoPorComparacao-II-environment-T1_T2/src/test/resources
2016-06-09 00:24:52,344 [Worker-69] WARN  o.e.m.c.i.embedder.EclipseLogger - Using platform encoding (UTF-8 actually) to copy filtered resources, i.e. build is platform dependent!
2016-06-09 00:24:52,345 [Worker-69] INFO  o.e.m.c.i.embedder.EclipseLogger - skip non existing resourceDirectory /home/gersonsales/github/leda/LEDA/roteiros/roteiro(2)/Roteiro-OrdenacaoPorComparacao-II-environment-T1_T2/src/main/resources
2016-06-09 00:24:52,352 [Worker-69] WARN  o.e.m.c.i.embedder.EclipseLogger - Using platform encoding (UTF-8 actually) to copy filtered resources, i.e. build is platform dependent!
2016-06-09 00:24:52,352 [Worker-69] INFO  o.e.m.c.i.embedder.EclipseLogger - skip non existing resourceDirectory /home/gersonsales/github/leda/LEDA/roteiros/roteiro(2)/Roteiro-OrdenacaoPorComparacao-II-environment-T1_T2/src/test/resources
2016-06-09 16:58:17,465 [Worker-170] WARN  o.e.m.c.i.embedder.EclipseLogger - Using platform encoding (UTF-8 actually) to copy filtered resources, i.e. build is platform dependent!
2016-06-09 16:58:17,566 [Worker-170] INFO  o.e.m.c.i.embedder.EclipseLogger - skip non existing resourceDirectory /home/gersonsales/github/leda/LEDA/roteiros/roteiro(2)/Roteiro-OrdenacaoPorComparacao-II-environment-T1_T2/src/main/resources
2016-06-09 16:58:17,590 [Worker-170] WARN  o.e.m.c.i.embedder.EclipseLogger - Using platform encoding (UTF-8 actually) to copy filtered resources, i.e. build is platform dependent!
2016-06-09 16:58:17,591 [Worker-170] INFO  o.e.m.c.i.embedder.EclipseLogger - skip non existing resourceDirectory /home/gersonsales/github/leda/LEDA/roteiros/roteiro(2)/Roteiro-OrdenacaoPorComparacao-II-environment-T1_T2/src/test/resources
2016-06-09 17:02:56,422 [Worker-173] WARN  o.e.m.c.i.embedder.EclipseLogger - Using platform encoding (UTF-8 actually) to copy filtered resources, i.e. build is platform dependent!
2016-06-09 17:02:56,423 [Worker-173] INFO  o.e.m.c.i.embedder.EclipseLogger - skip non existing resourceDirectory /home/gersonsales/github/leda/LEDA/roteiros/roteiro(2)/Roteiro-OrdenacaoPorComparacao-II-environment-T1_T2/src/main/resources
2016-06-09 17:02:56,424 [Worker-173] WARN  o.e.m.c.i.embedder.EclipseLogger - Using platform encoding (UTF-8 actually) to copy filtered resources, i.e. build is platform dependent!
2016-06-09 17:02:56,424 [Worker-173] INFO  o.e.m.c.i.embedder.EclipseLogger - skip non existing resourceDirectory /home/gersonsales/github/leda/LEDA/roteiros/roteiro(2)/Roteiro-OrdenacaoPorComparacao-II-environment-T1_T2/src/test/resources
2016-06-09 17:03:03,198 [Worker-177] WARN  o.e.m.c.i.embedder.EclipseLogger - Using platform encoding (UTF-8 actually) to copy filtered resources, i.e. build is platform dependent!
2016-06-09 17:03:03,199 [Worker-177] INFO  o.e.m.c.i.embedder.EclipseLogger - skip non existing resourceDirectory /home/gersonsales/github/leda/LEDA/roteiros/roteiro(2)/Roteiro-OrdenacaoPorComparacao-II-environment-T1_T2/src/main/resources
2016-06-09 17:03:03,201 [Worker-177] WARN  o.e.m.c.i.embedder.EclipseLogger - Using platform encoding (UTF-8 actually) to copy filtered resources, i.e. build is platform dependent!
2016-06-09 17:03:03,201 [Worker-177] INFO  o.e.m.c.i.embedder.EclipseLogger - skip non existing resourceDirectory /home/gersonsales/github/leda/LEDA/roteiros/roteiro(2)/Roteiro-OrdenacaoPorComparacao-II-environment-T1_T2/src/test/resources
2016-06-09 17:03:31,048 [Worker-180] WARN  o.e.m.c.i.embedder.EclipseLogger - Using platform encoding (UTF-8 actually) to copy filtered resources, i.e. build is platform dependent!
2016-06-09 17:03:31,048 [Worker-180] INFO  o.e.m.c.i.embedder.EclipseLogger - skip non existing resourceDirectory /home/gersonsales/github/leda/LEDA/roteiros/roteiro(2)/Roteiro-OrdenacaoPorComparacao-II-environment-T1_T2/src/main/resources
2016-06-09 17:03:31,050 [Worker-180] WARN  o.e.m.c.i.embedder.EclipseLogger - Using platform encoding (UTF-8 actually) to copy filtered resources, i.e. build is platform dependent!
2016-06-09 17:03:31,050 [Worker-180] INFO  o.e.m.c.i.embedder.EclipseLogger - skip non existing resourceDirectory /home/gersonsales/github/leda/LEDA/roteiros/roteiro(2)/Roteiro-OrdenacaoPorComparacao-II-environment-T1_T2/src/test/resources
2016-06-09 17:04:54,595 [Worker-169] WARN  o.e.m.c.i.embedder.EclipseLogger - Using platform encoding (UTF-8 actually) to copy filtered resources, i.e. build is platform dependent!
2016-06-09 17:04:54,596 [Worker-169] INFO  o.e.m.c.i.embedder.EclipseLogger - skip non existing resourceDirectory /home/gersonsales/github/leda/LEDA/roteiros/roteiro(2)/Roteiro-OrdenacaoPorComparacao-II-environment-T1_T2/src/main/resources
2016-06-09 17:04:54,598 [Worker-169] WARN  o.e.m.c.i.embedder.EclipseLogger - Using platform encoding (UTF-8 actually) to copy filtered resources, i.e. build is platform dependent!
2016-06-09 17:04:54,599 [Worker-169] INFO  o.e.m.c.i.embedder.EclipseLogger - skip non existing resourceDirectory /home/gersonsales/github/leda/LEDA/roteiros/roteiro(2)/Roteiro-OrdenacaoPorComparacao-II-environment-T1_T2/src/test/resources
2016-06-09 17:05:00,515 [Worker-170] WARN  o.e.m.c.i.embedder.EclipseLogger - Using platform encoding (UTF-8 actually) to copy filtered resources, i.e. build is platform dependent!
2016-06-09 17:05:00,515 [Worker-170] INFO  o.e.m.c.i.embedder.EclipseLogger - skip non existing resourceDirectory /home/gersonsales/github/leda/LEDA/roteiros/roteiro(2)/Roteiro-OrdenacaoPorComparacao-II-environment-T1_T2/src/main/resources
2016-06-09 17:05:00,517 [Worker-170] WARN  o.e.m.c.i.embedder.EclipseLogger - Using platform encoding (UTF-8 actually) to copy filtered resources, i.e. build is platform dependent!
2016-06-09 17:05:00,517 [Worker-170] INFO  o.e.m.c.i.embedder.EclipseLogger - skip non existing resourceDirectory /home/gersonsales/github/leda/LEDA/roteiros/roteiro(2)/Roteiro-OrdenacaoPorComparacao-II-environment-T1_T2/src/test/resources
2016-06-09 17:05:32,526 [Worker-180] WARN  o.e.m.c.i.embedder.EclipseLogger - Using platform encoding (UTF-8 actually) to copy filtered resources, i.e. build is platform dependent!
2016-06-09 17:05:32,527 [Worker-180] INFO  o.e.m.c.i.embedder.EclipseLogger - skip non existing resourceDirectory /home/gersonsales/github/leda/LEDA/roteiros/roteiro(2)/Roteiro-OrdenacaoPorComparacao-II-environment-T1_T2/src/main/resources
2016-06-09 17:05:32,528 [Worker-180] WARN  o.e.m.c.i.embedder.EclipseLogger - Using platform encoding (UTF-8 actually) to copy filtered resources, i.e. build is platform dependent!
2016-06-09 17:05:32,529 [Worker-180] INFO  o.e.m.c.i.embedder.EclipseLogger - skip non existing resourceDirectory /home/gersonsales/github/leda/LEDA/roteiros/roteiro(2)/Roteiro-OrdenacaoPorComparacao-II-environment-T1_T2/src/test/resources
2016-06-09 17:05:39,453 [Worker-179] WARN  o.e.m.c.i.embedder.EclipseLogger - Using platform encoding (UTF-8 actually) to copy filtered resources, i.e. build is platform dependent!
2016-06-09 17:05:39,453 [Worker-179] INFO  o.e.m.c.i.embedder.EclipseLogger - skip non existing resourceDirectory /home/gersonsales/github/leda/LEDA/roteiros/roteiro(2)/Roteiro-OrdenacaoPorComparacao-II-environment-T1_T2/src/main/resources
2016-06-09 17:05:39,455 [Worker-179] WARN  o.e.m.c.i.embedder.EclipseLogger - Using platform encoding (UTF-8 actually) to copy filtered resources, i.e. build is platform dependent!
2016-06-09 17:05:39,455 [Worker-179] INFO  o.e.m.c.i.embedder.EclipseLogger - skip non existing resourceDirectory /home/gersonsales/github/leda/LEDA/roteiros/roteiro(2)/Roteiro-OrdenacaoPorComparacao-II-environment-T1_T2/src/test/resources
2016-06-09 17:07:05,249 [Worker-176] WARN  o.e.m.c.i.embedder.EclipseLogger - Using platform encoding (UTF-8 actually) to copy filtered resources, i.e. build is platform dependent!
2016-06-09 17:07:05,250 [Worker-176] INFO  o.e.m.c.i.embedder.EclipseLogger - skip non existing resourceDirectory /home/gersonsales/github/leda/LEDA/roteiros/roteiro(2)/Roteiro-OrdenacaoPorComparacao-II-environment-T1_T2/src/main/resources
2016-06-09 17:07:05,251 [Worker-176] WARN  o.e.m.c.i.embedder.EclipseLogger - Using platform encoding (UTF-8 actually) to copy filtered resources, i.e. build is platform dependent!
2016-06-09 17:07:05,251 [Worker-176] INFO  o.e.m.c.i.embedder.EclipseLogger - skip non existing resourceDirectory /home/gersonsales/github/leda/LEDA/roteiros/roteiro(2)/Roteiro-OrdenacaoPorComparacao-II-environment-T1_T2/src/test/resources
2016-06-09 17:27:15,413 [Worker-183] WARN  o.e.m.c.i.embedder.EclipseLogger - Using platform encoding (UTF-8 actually) to copy filtered resources, i.e. build is platform dependent!
2016-06-09 17:27:15,414 [Worker-183] INFO  o.e.m.c.i.embedder.EclipseLogger - skip non existing resourceDirectory /home/gersonsales/github/leda/LEDA/roteiros/roteiro(2)/Roteiro-OrdenacaoPorComparacao-II-environment-T1_T2/src/main/resources
2016-06-09 17:27:15,415 [Worker-183] WARN  o.e.m.c.i.embedder.EclipseLogger - Using platform encoding (UTF-8 actually) to copy filtered resources, i.e. build is platform dependent!
2016-06-09 17:27:15,417 [Worker-183] INFO  o.e.m.c.i.embedder.EclipseLogger - skip non existing resourceDirectory /home/gersonsales/github/leda/LEDA/roteiros/roteiro(2)/Roteiro-OrdenacaoPorComparacao-II-environment-T1_T2/src/test/resources
2016-06-09 17:29:10,368 [Worker-173] WARN  o.e.m.c.i.embedder.EclipseLogger - Using platform encoding (UTF-8 actually) to copy filtered resources, i.e. build is platform dependent!
2016-06-09 17:29:10,368 [Worker-173] INFO  o.e.m.c.i.embedder.EclipseLogger - skip non existing resourceDirectory /home/gersonsales/github/leda/LEDA/roteiros/roteiro(2)/Roteiro-OrdenacaoPorComparacao-II-environment-T1_T2/src/main/resources
2016-06-09 17:29:10,369 [Worker-173] WARN  o.e.m.c.i.embedder.EclipseLogger - Using platform encoding (UTF-8 actually) to copy filtered resources, i.e. build is platform dependent!
2016-06-09 17:29:10,369 [Worker-173] INFO  o.e.m.c.i.embedder.EclipseLogger - skip non existing resourceDirectory /home/gersonsales/github/leda/LEDA/roteiros/roteiro(2)/Roteiro-OrdenacaoPorComparacao-II-environment-T1_T2/src/test/resources
2016-06-09 17:29:19,743 [Worker-173] WARN  o.e.m.c.i.embedder.EclipseLogger - Using platform encoding (UTF-8 actually) to copy filtered resources, i.e. build is platform dependent!
2016-06-09 17:29:19,744 [Worker-173] INFO  o.e.m.c.i.embedder.EclipseLogger - skip non existing resourceDirectory /home/gersonsales/github/leda/LEDA/roteiros/roteiro(2)/Roteiro-OrdenacaoPorComparacao-II-environment-T1_T2/src/main/resources
2016-06-09 17:29:19,745 [Worker-173] WARN  o.e.m.c.i.embedder.EclipseLogger - Using platform encoding (UTF-8 actually) to copy filtered resources, i.e. build is platform dependent!
2016-06-09 17:29:19,746 [Worker-173] INFO  o.e.m.c.i.embedder.EclipseLogger - skip non existing resourceDirectory /home/gersonsales/github/leda/LEDA/roteiros/roteiro(2)/Roteiro-OrdenacaoPorComparacao-II-environment-T1_T2/src/test/resources
2016-06-09 17:29:22,922 [Worker-183] WARN  o.e.m.c.i.embedder.EclipseLogger - Using platform encoding (UTF-8 actually) to copy filtered resources, i.e. build is platform dependent!
2016-06-09 17:29:22,922 [Worker-183] INFO  o.e.m.c.i.embedder.EclipseLogger - skip non existing resourceDirectory /home/gersonsales/github/leda/LEDA/roteiros/roteiro(2)/Roteiro-OrdenacaoPorComparacao-II-environment-T1_T2/src/main/resources
2016-06-09 17:29:22,925 [Worker-183] WARN  o.e.m.c.i.embedder.EclipseLogger - Using platform encoding (UTF-8 actually) to copy filtered resources, i.e. build is platform dependent!
2016-06-09 17:29:22,926 [Worker-183] INFO  o.e.m.c.i.embedder.EclipseLogger - skip non existing resourceDirectory /home/gersonsales/github/leda/LEDA/roteiros/roteiro(2)/Roteiro-OrdenacaoPorComparacao-II-environment-T1_T2/src/test/resources
2016-06-09 17:29:31,095 [Worker-173] WARN  o.e.m.c.i.embedder.EclipseLogger - Using platform encoding (UTF-8 actually) to copy filtered resources, i.e. build is platform dependent!
2016-06-09 17:29:31,095 [Worker-173] INFO  o.e.m.c.i.embedder.EclipseLogger - skip non existing resourceDirectory /home/gersonsales/github/leda/LEDA/roteiros/roteiro(2)/Roteiro-OrdenacaoPorComparacao-II-environment-T1_T2/src/main/resources
2016-06-09 17:29:31,096 [Worker-173] WARN  o.e.m.c.i.embedder.EclipseLogger - Using platform encoding (UTF-8 actually) to copy filtered resources, i.e. build is platform dependent!
2016-06-09 17:29:31,097 [Worker-173] INFO  o.e.m.c.i.embedder.EclipseLogger - skip non existing resourceDirectory /home/gersonsales/github/leda/LEDA/roteiros/roteiro(2)/Roteiro-OrdenacaoPorComparacao-II-environment-T1_T2/src/test/resources
2016-06-09 17:29:33,022 [Worker-173] WARN  o.e.m.c.i.embedder.EclipseLogger - Using platform encoding (UTF-8 actually) to copy filtered resources, i.e. build is platform dependent!
2016-06-09 17:29:33,023 [Worker-173] INFO  o.e.m.c.i.embedder.EclipseLogger - skip non existing resourceDirectory /home/gersonsales/github/leda/LEDA/roteiros/roteiro(2)/Roteiro-OrdenacaoPorComparacao-II-environment-T1_T2/src/main/resources
2016-06-09 17:29:33,024 [Worker-173] WARN  o.e.m.c.i.embedder.EclipseLogger - Using platform encoding (UTF-8 actually) to copy filtered resources, i.e. build is platform dependent!
2016-06-09 17:29:33,024 [Worker-173] INFO  o.e.m.c.i.embedder.EclipseLogger - skip non existing resourceDirectory /home/gersonsales/github/leda/LEDA/roteiros/roteiro(2)/Roteiro-OrdenacaoPorComparacao-II-environment-T1_T2/src/test/resources
2016-06-09 17:29:44,722 [Worker-172] WARN  o.e.m.c.i.embedder.EclipseLogger - Using platform encoding (UTF-8 actually) to copy filtered resources, i.e. build is platform dependent!
2016-06-09 17:29:44,722 [Worker-172] INFO  o.e.m.c.i.embedder.EclipseLogger - skip non existing resourceDirectory /home/gersonsales/github/leda/LEDA/roteiros/roteiro(2)/Roteiro-OrdenacaoPorComparacao-II-environment-T1_T2/src/main/resources
2016-06-09 17:29:44,723 [Worker-172] WARN  o.e.m.c.i.embedder.EclipseLogger - Using platform encoding (UTF-8 actually) to copy filtered resources, i.e. build is platform dependent!
2016-06-09 17:29:44,724 [Worker-172] INFO  o.e.m.c.i.embedder.EclipseLogger - skip non existing resourceDirectory /home/gersonsales/github/leda/LEDA/roteiros/roteiro(2)/Roteiro-OrdenacaoPorComparacao-II-environment-T1_T2/src/test/resources
2016-06-09 17:29:57,834 [Worker-178] WARN  o.e.m.c.i.embedder.EclipseLogger - Using platform encoding (UTF-8 actually) to copy filtered resources, i.e. build is platform dependent!
2016-06-09 17:29:57,834 [Worker-178] INFO  o.e.m.c.i.embedder.EclipseLogger - skip non existing resourceDirectory /home/gersonsales/github/leda/LEDA/roteiros/roteiro(2)/Roteiro-OrdenacaoPorComparacao-II-environment-T1_T2/src/main/resources
2016-06-09 17:29:57,866 [Worker-178] WARN  o.e.m.c.i.embedder.EclipseLogger - Using platform encoding (UTF-8 actually) to copy filtered resources, i.e. build is platform dependent!
2016-06-09 17:29:57,866 [Worker-178] INFO  o.e.m.c.i.embedder.EclipseLogger - skip non existing resourceDirectory /home/gersonsales/github/leda/LEDA/roteiros/roteiro(2)/Roteiro-OrdenacaoPorComparacao-II-environment-T1_T2/src/test/resources
2016-06-09 17:30:18,570 [Worker-178] WARN  o.e.m.c.i.embedder.EclipseLogger - Using platform encoding (UTF-8 actually) to copy filtered resources, i.e. build is platform dependent!
2016-06-09 17:30:18,570 [Worker-178] INFO  o.e.m.c.i.embedder.EclipseLogger - skip non existing resourceDirectory /home/gersonsales/github/leda/LEDA/roteiros/roteiro(2)/Roteiro-OrdenacaoPorComparacao-II-environment-T1_T2/src/main/resources
2016-06-09 17:30:18,572 [Worker-178] WARN  o.e.m.c.i.embedder.EclipseLogger - Using platform encoding (UTF-8 actually) to copy filtered resources, i.e. build is platform dependent!
2016-06-09 17:30:18,572 [Worker-178] INFO  o.e.m.c.i.embedder.EclipseLogger - skip non existing resourceDirectory /home/gersonsales/github/leda/LEDA/roteiros/roteiro(2)/Roteiro-OrdenacaoPorComparacao-II-environment-T1_T2/src/test/resources
2016-06-09 17:30:32,262 [Worker-178] WARN  o.e.m.c.i.embedder.EclipseLogger - Using platform encoding (UTF-8 actually) to copy filtered resources, i.e. build is platform dependent!
2016-06-09 17:30:32,262 [Worker-178] INFO  o.e.m.c.i.embedder.EclipseLogger - skip non existing resourceDirectory /home/gersonsales/github/leda/LEDA/roteiros/roteiro(2)/Roteiro-OrdenacaoPorComparacao-II-environment-T1_T2/src/main/resources
2016-06-09 17:30:32,271 [Worker-178] WARN  o.e.m.c.i.embedder.EclipseLogger - Using platform encoding (UTF-8 actually) to copy filtered resources, i.e. build is platform dependent!
2016-06-09 17:30:32,279 [Worker-178] INFO  o.e.m.c.i.embedder.EclipseLogger - skip non existing resourceDirectory /home/gersonsales/github/leda/LEDA/roteiros/roteiro(2)/Roteiro-OrdenacaoPorComparacao-II-environment-T1_T2/src/test/resources
2016-06-09 17:30:54,884 [Worker-172] WARN  o.e.m.c.i.embedder.EclipseLogger - Using platform encoding (UTF-8 actually) to copy filtered resources, i.e. build is platform dependent!
2016-06-09 17:30:54,884 [Worker-172] INFO  o.e.m.c.i.embedder.EclipseLogger - skip non existing resourceDirectory /home/gersonsales/github/leda/LEDA/roteiros/roteiro(2)/Roteiro-OrdenacaoPorComparacao-II-environment-T1_T2/src/main/resources
2016-06-09 17:30:54,885 [Worker-172] WARN  o.e.m.c.i.embedder.EclipseLogger - Using platform encoding (UTF-8 actually) to copy filtered resources, i.e. build is platform dependent!
2016-06-09 17:30:54,886 [Worker-172] INFO  o.e.m.c.i.embedder.EclipseLogger - skip non existing resourceDirectory /home/gersonsales/github/leda/LEDA/roteiros/roteiro(2)/Roteiro-OrdenacaoPorComparacao-II-environment-T1_T2/src/test/resources
2016-06-09 17:31:01,506 [Worker-180] WARN  o.e.m.c.i.embedder.EclipseLogger - Using platform encoding (UTF-8 actually) to copy filtered resources, i.e. build is platform dependent!
2016-06-09 17:31:01,507 [Worker-180] INFO  o.e.m.c.i.embedder.EclipseLogger - skip non existing resourceDirectory /home/gersonsales/github/leda/LEDA/roteiros/roteiro(2)/Roteiro-OrdenacaoPorComparacao-II-environment-T1_T2/src/main/resources
2016-06-09 17:31:01,507 [Worker-180] WARN  o.e.m.c.i.embedder.EclipseLogger - Using platform encoding (UTF-8 actually) to copy filtered resources, i.e. build is platform dependent!
2016-06-09 17:31:01,508 [Worker-180] INFO  o.e.m.c.i.embedder.EclipseLogger - skip non existing resourceDirectory /home/gersonsales/github/leda/LEDA/roteiros/roteiro(2)/Roteiro-OrdenacaoPorComparacao-II-environment-T1_T2/src/test/resources
2016-06-09 17:31:08,169 [Worker-182] WARN  o.e.m.c.i.embedder.EclipseLogger - Using platform encoding (UTF-8 actually) to copy filtered resources, i.e. build is platform dependent!
2016-06-09 17:31:08,170 [Worker-182] INFO  o.e.m.c.i.embedder.EclipseLogger - skip non existing resourceDirectory /home/gersonsales/github/leda/LEDA/roteiros/roteiro(2)/Roteiro-OrdenacaoPorComparacao-II-environment-T1_T2/src/main/resources
2016-06-09 17:31:08,171 [Worker-182] WARN  o.e.m.c.i.embedder.EclipseLogger - Using platform encoding (UTF-8 actually) to copy filtered resources, i.e. build is platform dependent!
2016-06-09 17:31:08,171 [Worker-182] INFO  o.e.m.c.i.embedder.EclipseLogger - skip non existing resourceDirectory /home/gersonsales/github/leda/LEDA/roteiros/roteiro(2)/Roteiro-OrdenacaoPorComparacao-II-environment-T1_T2/src/test/resources
2016-06-09 17:33:41,696 [Worker-183] WARN  o.e.m.c.i.embedder.EclipseLogger - Using platform encoding (UTF-8 actually) to copy filtered resources, i.e. build is platform dependent!
2016-06-09 17:33:41,696 [Worker-183] INFO  o.e.m.c.i.embedder.EclipseLogger - skip non existing resourceDirectory /home/gersonsales/github/leda/LEDA/roteiros/roteiro(2)/Roteiro-OrdenacaoPorComparacao-II-environment-T1_T2/src/main/resources
2016-06-09 17:33:41,697 [Worker-183] WARN  o.e.m.c.i.embedder.EclipseLogger - Using platform encoding (UTF-8 actually) to copy filtered resources, i.e. build is platform dependent!
2016-06-09 17:33:41,698 [Worker-183] INFO  o.e.m.c.i.embedder.EclipseLogger - skip non existing resourceDirectory /home/gersonsales/github/leda/LEDA/roteiros/roteiro(2)/Roteiro-OrdenacaoPorComparacao-II-environment-T1_T2/src/test/resources
2016-06-09 17:33:46,460 [Worker-178] WARN  o.e.m.c.i.embedder.EclipseLogger - Using platform encoding (UTF-8 actually) to copy filtered resources, i.e. build is platform dependent!
2016-06-09 17:33:46,461 [Worker-178] INFO  o.e.m.c.i.embedder.EclipseLogger - skip non existing resourceDirectory /home/gersonsales/github/leda/LEDA/roteiros/roteiro(2)/Roteiro-OrdenacaoPorComparacao-II-environment-T1_T2/src/main/resources
2016-06-09 17:33:46,462 [Worker-178] WARN  o.e.m.c.i.embedder.EclipseLogger - Using platform encoding (UTF-8 actually) to copy filtered resources, i.e. build is platform dependent!
2016-06-09 17:33:46,463 [Worker-178] INFO  o.e.m.c.i.embedder.EclipseLogger - skip non existing resourceDirectory /home/gersonsales/github/leda/LEDA/roteiros/roteiro(2)/Roteiro-OrdenacaoPorComparacao-II-environment-T1_T2/src/test/resources
2016-06-09 17:33:54,758 [Worker-172] WARN  o.e.m.c.i.embedder.EclipseLogger - Using platform encoding (UTF-8 actually) to copy filtered resources, i.e. build is platform dependent!
2016-06-09 17:33:54,758 [Worker-172] INFO  o.e.m.c.i.embedder.EclipseLogger - skip non existing resourceDirectory /home/gersonsales/github/leda/LEDA/roteiros/roteiro(2)/Roteiro-OrdenacaoPorComparacao-II-environment-T1_T2/src/main/resources
2016-06-09 17:33:54,761 [Worker-172] WARN  o.e.m.c.i.embedder.EclipseLogger - Using platform encoding (UTF-8 actually) to copy filtered resources, i.e. build is platform dependent!
2016-06-09 17:33:54,761 [Worker-172] INFO  o.e.m.c.i.embedder.EclipseLogger - skip non existing resourceDirectory /home/gersonsales/github/leda/LEDA/roteiros/roteiro(2)/Roteiro-OrdenacaoPorComparacao-II-environment-T1_T2/src/test/resources
2016-06-09 17:34:29,724 [Worker-173] WARN  o.e.m.c.i.embedder.EclipseLogger - Using platform encoding (UTF-8 actually) to copy filtered resources, i.e. build is platform dependent!
2016-06-09 17:34:29,724 [Worker-173] INFO  o.e.m.c.i.embedder.EclipseLogger - skip non existing resourceDirectory /home/gersonsales/github/leda/LEDA/roteiros/roteiro(2)/Roteiro-OrdenacaoPorComparacao-II-environment-T1_T2/src/main/resources
2016-06-09 17:34:29,725 [Worker-173] WARN  o.e.m.c.i.embedder.EclipseLogger - Using platform encoding (UTF-8 actually) to copy filtered resources, i.e. build is platform dependent!
2016-06-09 17:34:29,725 [Worker-173] INFO  o.e.m.c.i.embedder.EclipseLogger - skip non existing resourceDirectory /home/gersonsales/github/leda/LEDA/roteiros/roteiro(2)/Roteiro-OrdenacaoPorComparacao-II-environment-T1_T2/src/test/resources
2016-06-10 00:26:35,603 [Worker-238] WARN  o.e.m.c.i.embedder.EclipseLogger - Using platform encoding (UTF-8 actually) to copy filtered resources, i.e. build is platform dependent!
2016-06-10 00:26:35,604 [Worker-238] INFO  o.e.m.c.i.embedder.EclipseLogger - skip non existing resourceDirectory /home/gersonsales/github/leda/LEDA/roteiros/roteiro(2)/Roteiro-OrdenacaoPorComparacao-II-environment-T1_T2/src/main/resources
2016-06-10 00:26:35,605 [Worker-238] WARN  o.e.m.c.i.embedder.EclipseLogger - Using platform encoding (UTF-8 actually) to copy filtered resources, i.e. build is platform dependent!
2016-06-10 00:26:35,605 [Worker-238] INFO  o.e.m.c.i.embedder.EclipseLogger - skip non existing resourceDirectory /home/gersonsales/github/leda/LEDA/roteiros/roteiro(2)/Roteiro-OrdenacaoPorComparacao-II-environment-T1_T2/src/test/resources
2016-06-10 00:26:48,571 [Worker-236] WARN  o.e.m.c.i.embedder.EclipseLogger - Using platform encoding (UTF-8 actually) to copy filtered resources, i.e. build is platform dependent!
2016-06-10 00:26:48,572 [Worker-236] INFO  o.e.m.c.i.embedder.EclipseLogger - skip non existing resourceDirectory /home/gersonsales/github/leda/LEDA/roteiros/roteiro(2)/Roteiro-OrdenacaoPorComparacao-II-environment-T1_T2/src/main/resources
2016-06-10 00:26:48,573 [Worker-236] WARN  o.e.m.c.i.embedder.EclipseLogger - Using platform encoding (UTF-8 actually) to copy filtered resources, i.e. build is platform dependent!
2016-06-10 00:26:48,574 [Worker-236] INFO  o.e.m.c.i.embedder.EclipseLogger - skip non existing resourceDirectory /home/gersonsales/github/leda/LEDA/roteiros/roteiro(2)/Roteiro-OrdenacaoPorComparacao-II-environment-T1_T2/src/test/resources
2016-06-10 00:30:40,613 [Worker-236] WARN  o.e.m.c.i.embedder.EclipseLogger - Using platform encoding (UTF-8 actually) to copy filtered resources, i.e. build is platform dependent!
2016-06-10 00:30:40,614 [Worker-236] INFO  o.e.m.c.i.embedder.EclipseLogger - skip non existing resourceDirectory /home/gersonsales/github/leda/LEDA/roteiros/roteiro(2)/Roteiro-OrdenacaoPorComparacao-II-environment-T1_T2/src/main/resources
2016-06-10 00:30:40,615 [Worker-236] WARN  o.e.m.c.i.embedder.EclipseLogger - Using platform encoding (UTF-8 actually) to copy filtered resources, i.e. build is platform dependent!
2016-06-10 00:30:40,616 [Worker-236] INFO  o.e.m.c.i.embedder.EclipseLogger - skip non existing resourceDirectory /home/gersonsales/github/leda/LEDA/roteiros/roteiro(2)/Roteiro-OrdenacaoPorComparacao-II-environment-T1_T2/src/test/resources
2016-06-10 00:41:21,599 [Worker-242] WARN  o.e.m.c.i.embedder.EclipseLogger - Using platform encoding (UTF-8 actually) to copy filtered resources, i.e. build is platform dependent!
2016-06-10 00:41:21,599 [Worker-242] INFO  o.e.m.c.i.embedder.EclipseLogger - skip non existing resourceDirectory /home/gersonsales/github/leda/LEDA/roteiros/roteiro(2)/Roteiro-OrdenacaoPorComparacao-II-environment-T1_T2/src/main/resources
2016-06-10 00:41:21,600 [Worker-242] WARN  o.e.m.c.i.embedder.EclipseLogger - Using platform encoding (UTF-8 actually) to copy filtered resources, i.e. build is platform dependent!
2016-06-10 00:41:21,601 [Worker-242] INFO  o.e.m.c.i.embedder.EclipseLogger - skip non existing resourceDirectory /home/gersonsales/github/leda/LEDA/roteiros/roteiro(2)/Roteiro-OrdenacaoPorComparacao-II-environment-T1_T2/src/test/resources
2016-06-10 00:41:37,759 [Worker-238] WARN  o.e.m.c.i.embedder.EclipseLogger - Using platform encoding (UTF-8 actually) to copy filtered resources, i.e. build is platform dependent!
2016-06-10 00:41:37,760 [Worker-238] INFO  o.e.m.c.i.embedder.EclipseLogger - skip non existing resourceDirectory /home/gersonsales/github/leda/LEDA/roteiros/roteiro(2)/Roteiro-OrdenacaoPorComparacao-II-environment-T1_T2/src/main/resources
2016-06-10 00:41:37,761 [Worker-238] WARN  o.e.m.c.i.embedder.EclipseLogger - Using platform encoding (UTF-8 actually) to copy filtered resources, i.e. build is platform dependent!
2016-06-10 00:41:37,762 [Worker-238] INFO  o.e.m.c.i.embedder.EclipseLogger - skip non existing resourceDirectory /home/gersonsales/github/leda/LEDA/roteiros/roteiro(2)/Roteiro-OrdenacaoPorComparacao-II-environment-T1_T2/src/test/resources
2016-06-10 00:41:39,534 [main] INFO  c.g.t.t.d.PublishedGradleVersions - Gradle version information cache file is out-of-date. Remote download required.
2016-06-10 01:31:19,366 [Worker-246] WARN  o.e.m.c.i.embedder.EclipseLogger - Using platform encoding (UTF-8 actually) to copy filtered resources, i.e. build is platform dependent!
2016-06-10 01:31:19,367 [Worker-246] INFO  o.e.m.c.i.embedder.EclipseLogger - skip non existing resourceDirectory /home/gersonsales/github/leda/LEDA/roteiros/roteiro(2)/Roteiro-OrdenacaoPorComparacao-II-environment-T1_T2/src/main/resources
2016-06-10 01:31:19,369 [Worker-246] WARN  o.e.m.c.i.embedder.EclipseLogger - Using platform encoding (UTF-8 actually) to copy filtered resources, i.e. build is platform dependent!
2016-06-10 01:31:19,370 [Worker-246] INFO  o.e.m.c.i.embedder.EclipseLogger - skip non existing resourceDirectory /home/gersonsales/github/leda/LEDA/roteiros/roteiro(2)/Roteiro-OrdenacaoPorComparacao-II-environment-T1_T2/src/test/resources
2016-06-10 01:31:31,699 [Worker-245] WARN  o.e.m.c.i.embedder.EclipseLogger - Using platform encoding (UTF-8 actually) to copy filtered resources, i.e. build is platform dependent!
2016-06-10 01:31:31,699 [Worker-245] INFO  o.e.m.c.i.embedder.EclipseLogger - skip non existing resourceDirectory /home/gersonsales/github/leda/LEDA/roteiros/roteiro(2)/Roteiro-OrdenacaoPorComparacao-II-environment-T1_T2/src/main/resources
2016-06-10 01:31:31,700 [Worker-245] WARN  o.e.m.c.i.embedder.EclipseLogger - Using platform encoding (UTF-8 actually) to copy filtered resources, i.e. build is platform dependent!
2016-06-10 01:31:31,700 [Worker-245] INFO  o.e.m.c.i.embedder.EclipseLogger - skip non existing resourceDirectory /home/gersonsales/github/leda/LEDA/roteiros/roteiro(2)/Roteiro-OrdenacaoPorComparacao-II-environment-T1_T2/src/test/resources
2016-06-10 02:02:53,614 [Worker-248] WARN  o.e.m.c.i.embedder.EclipseLogger - Using platform encoding (UTF-8 actually) to copy filtered resources, i.e. build is platform dependent!
2016-06-10 02:02:53,615 [Worker-248] INFO  o.e.m.c.i.embedder.EclipseLogger - skip non existing resourceDirectory /home/gersonsales/github/leda/LEDA/roteiros/roteiro(2)/Roteiro-OrdenacaoPorComparacao-II-environment-T1_T2/src/main/resources
2016-06-10 02:02:53,617 [Worker-248] WARN  o.e.m.c.i.embedder.EclipseLogger - Using platform encoding (UTF-8 actually) to copy filtered resources, i.e. build is platform dependent!
2016-06-10 02:02:53,617 [Worker-248] INFO  o.e.m.c.i.embedder.EclipseLogger - skip non existing resourceDirectory /home/gersonsales/github/leda/LEDA/roteiros/roteiro(2)/Roteiro-OrdenacaoPorComparacao-II-environment-T1_T2/src/test/resources
2016-06-10 02:09:29,884 [Worker-252] WARN  o.e.m.c.i.embedder.EclipseLogger - Using platform encoding (UTF-8 actually) to copy filtered resources, i.e. build is platform dependent!
2016-06-10 02:09:29,884 [Worker-252] INFO  o.e.m.c.i.embedder.EclipseLogger - skip non existing resourceDirectory /home/gersonsales/github/leda/LEDA/roteiros/roteiro(2)/Roteiro-OrdenacaoPorComparacao-II-environment-T1_T2/src/main/resources
2016-06-10 02:09:29,885 [Worker-252] WARN  o.e.m.c.i.embedder.EclipseLogger - Using platform encoding (UTF-8 actually) to copy filtered resources, i.e. build is platform dependent!
2016-06-10 02:09:29,886 [Worker-252] INFO  o.e.m.c.i.embedder.EclipseLogger - skip non existing resourceDirectory /home/gersonsales/github/leda/LEDA/roteiros/roteiro(2)/Roteiro-OrdenacaoPorComparacao-II-environment-T1_T2/src/test/resources
2016-06-10 02:09:41,682 [Worker-248] WARN  o.e.m.c.i.embedder.EclipseLogger - Using platform encoding (UTF-8 actually) to copy filtered resources, i.e. build is platform dependent!
2016-06-10 02:09:41,683 [Worker-248] INFO  o.e.m.c.i.embedder.EclipseLogger - skip non existing resourceDirectory /home/gersonsales/github/leda/LEDA/roteiros/roteiro(2)/Roteiro-OrdenacaoPorComparacao-II-environment-T1_T2/src/main/resources
2016-06-10 02:09:41,684 [Worker-248] WARN  o.e.m.c.i.embedder.EclipseLogger - Using platform encoding (UTF-8 actually) to copy filtered resources, i.e. build is platform dependent!
2016-06-10 02:09:41,685 [Worker-248] INFO  o.e.m.c.i.embedder.EclipseLogger - skip non existing resourceDirectory /home/gersonsales/github/leda/LEDA/roteiros/roteiro(2)/Roteiro-OrdenacaoPorComparacao-II-environment-T1_T2/src/test/resources
2016-06-10 02:09:48,791 [Worker-246] WARN  o.e.m.c.i.embedder.EclipseLogger - Using platform encoding (UTF-8 actually) to copy filtered resources, i.e. build is platform dependent!
2016-06-10 02:09:48,791 [Worker-246] INFO  o.e.m.c.i.embedder.EclipseLogger - skip non existing resourceDirectory /home/gersonsales/github/leda/LEDA/roteiros/roteiro(2)/Roteiro-OrdenacaoPorComparacao-II-environment-T1_T2/src/main/resources
2016-06-10 02:09:48,792 [Worker-246] WARN  o.e.m.c.i.embedder.EclipseLogger - Using platform encoding (UTF-8 actually) to copy filtered resources, i.e. build is platform dependent!
2016-06-10 02:09:48,793 [Worker-246] INFO  o.e.m.c.i.embedder.EclipseLogger - skip non existing resourceDirectory /home/gersonsales/github/leda/LEDA/roteiros/roteiro(2)/Roteiro-OrdenacaoPorComparacao-II-environment-T1_T2/src/test/resources
2016-06-10 02:31:56,731 [Worker-255] WARN  o.e.m.c.i.embedder.EclipseLogger - Using platform encoding (UTF-8 actually) to copy filtered resources, i.e. build is platform dependent!
2016-06-10 02:31:56,732 [Worker-255] INFO  o.e.m.c.i.embedder.EclipseLogger - skip non existing resourceDirectory /home/gersonsales/github/leda/LEDA/roteiros/roteiro(2)/Roteiro-OrdenacaoPorComparacao-II-environment-T1_T2/src/main/resources
2016-06-10 02:31:56,733 [Worker-255] WARN  o.e.m.c.i.embedder.EclipseLogger - Using platform encoding (UTF-8 actually) to copy filtered resources, i.e. build is platform dependent!
2016-06-10 02:31:56,734 [Worker-255] INFO  o.e.m.c.i.embedder.EclipseLogger - skip non existing resourceDirectory /home/gersonsales/github/leda/LEDA/roteiros/roteiro(2)/Roteiro-OrdenacaoPorComparacao-II-environment-T1_T2/src/test/resources
2016-06-10 02:52:47,713 [Worker-256] WARN  o.e.m.c.i.embedder.EclipseLogger - Using platform encoding (UTF-8 actually) to copy filtered resources, i.e. build is platform dependent!
2016-06-10 02:52:47,713 [Worker-256] INFO  o.e.m.c.i.embedder.EclipseLogger - skip non existing resourceDirectory /home/gersonsales/github/leda/LEDA/roteiros/roteiro(2)/Roteiro-OrdenacaoPorComparacao-II-environment-T1_T2/src/main/resources
2016-06-10 02:52:47,714 [Worker-256] WARN  o.e.m.c.i.embedder.EclipseLogger - Using platform encoding (UTF-8 actually) to copy filtered resources, i.e. build is platform dependent!
2016-06-10 02:52:47,715 [Worker-256] INFO  o.e.m.c.i.embedder.EclipseLogger - skip non existing resourceDirectory /home/gersonsales/github/leda/LEDA/roteiros/roteiro(2)/Roteiro-OrdenacaoPorComparacao-II-environment-T1_T2/src/test/resources
2016-06-10 02:53:47,274 [Worker-259] WARN  o.e.m.c.i.embedder.EclipseLogger - Using platform encoding (UTF-8 actually) to copy filtered resources, i.e. build is platform dependent!
2016-06-10 02:53:47,274 [Worker-259] INFO  o.e.m.c.i.embedder.EclipseLogger - skip non existing resourceDirectory /home/gersonsales/github/leda/LEDA/roteiros/roteiro(2)/Roteiro-OrdenacaoPorComparacao-II-environment-T1_T2/src/main/resources
2016-06-10 02:53:47,275 [Worker-259] WARN  o.e.m.c.i.embedder.EclipseLogger - Using platform encoding (UTF-8 actually) to copy filtered resources, i.e. build is platform dependent!
2016-06-10 02:53:47,275 [Worker-259] INFO  o.e.m.c.i.embedder.EclipseLogger - skip non existing resourceDirectory /home/gersonsales/github/leda/LEDA/roteiros/roteiro(2)/Roteiro-OrdenacaoPorComparacao-II-environment-T1_T2/src/test/resources
2016-06-10 03:02:19,369 [Worker-257] WARN  o.e.m.c.i.embedder.EclipseLogger - Using platform encoding (UTF-8 actually) to copy filtered resources, i.e. build is platform dependent!
2016-06-10 03:02:19,369 [Worker-257] INFO  o.e.m.c.i.embedder.EclipseLogger - skip non existing resourceDirectory /home/gersonsales/github/leda/LEDA/roteiros/roteiro(2)/Roteiro-OrdenacaoPorComparacao-II-environment-T1_T2/src/main/resources
2016-06-10 03:02:19,370 [Worker-257] WARN  o.e.m.c.i.embedder.EclipseLogger - Using platform encoding (UTF-8 actually) to copy filtered resources, i.e. build is platform dependent!
2016-06-10 03:02:19,371 [Worker-257] INFO  o.e.m.c.i.embedder.EclipseLogger - skip non existing resourceDirectory /home/gersonsales/github/leda/LEDA/roteiros/roteiro(2)/Roteiro-OrdenacaoPorComparacao-II-environment-T1_T2/src/test/resources
2016-06-10 03:02:27,129 [Worker-261] WARN  o.e.m.c.i.embedder.EclipseLogger - Using platform encoding (UTF-8 actually) to copy filtered resources, i.e. build is platform dependent!
2016-06-10 03:02:27,130 [Worker-261] INFO  o.e.m.c.i.embedder.EclipseLogger - skip non existing resourceDirectory /home/gersonsales/github/leda/LEDA/roteiros/roteiro(2)/Roteiro-OrdenacaoPorComparacao-II-environment-T1_T2/src/main/resources
2016-06-10 03:02:27,131 [Worker-261] WARN  o.e.m.c.i.embedder.EclipseLogger - Using platform encoding (UTF-8 actually) to copy filtered resources, i.e. build is platform dependent!
2016-06-10 03:02:27,131 [Worker-261] INFO  o.e.m.c.i.embedder.EclipseLogger - skip non existing resourceDirectory /home/gersonsales/github/leda/LEDA/roteiros/roteiro(2)/Roteiro-OrdenacaoPorComparacao-II-environment-T1_T2/src/test/resources
2016-06-10 19:33:12,262 [Worker-3] WARN  o.e.m.c.i.embedder.EclipseLogger - Failure to transfer br.edu.ufcg.ccc:leda-compactor-tool:1.0.0-SNAPSHOT/maven-metadata.xml from http://web.cloud.lsd.ufcg.edu.br:44174/nexus/content/repositories/br.edu.ufcg was cached in the local repository, resolution will not be reattempted until the update interval of ufcg-maven2 has elapsed or updates are forced. Original error: Could not transfer metadata br.edu.ufcg.ccc:leda-compactor-tool:1.0.0-SNAPSHOT/maven-metadata.xml from/to ufcg-maven2 (http://web.cloud.lsd.ufcg.edu.br:44174/nexus/content/repositories/br.edu.ufcg): web.cloud.lsd.ufcg.edu.br: unknown error
2016-06-10 19:33:13,725 [Worker-3] INFO  o.e.m.c.i.l.LifecycleMappingFactory - Using org.eclipse.m2e.jdt.JarLifecycleMapping lifecycle mapping for MavenProject: br.edu.ufcg.computacao:submission:1.0 @ /home/gersonsales/github/leda/LEDA/roteiros/roteiro(2)/Roteiro-OrdenacaoPorComparacao-II-environment-T1_T2/pom.xml.
2016-06-10 19:33:13,795 [Worker-3] INFO  o.e.m.c.i.l.LifecycleMappingFactory - Using org.eclipse.m2e.jdt.JarLifecycleMapping lifecycle mapping for MavenProject: br.edu.ufcg.computacao:submission:1.0 @ /home/gersonsales/github/leda/LEDA/roteiros/roteiro(2)/Roteiro-OrdenacaoPorComparacao-II-environment-T3/pom.xml.
2016-06-10 19:33:16,133 [Worker-6] WARN  o.e.m.c.i.embedder.EclipseLogger - Using platform encoding (UTF-8 actually) to copy filtered resources, i.e. build is platform dependent!
2016-06-10 19:33:16,142 [Worker-6] INFO  o.e.m.c.i.embedder.EclipseLogger - skip non existing resourceDirectory /home/gersonsales/github/leda/LEDA/roteiros/roteiro(2)/Roteiro-OrdenacaoPorComparacao-II-environment-T1_T2/src/main/resources
2016-06-10 19:33:16,146 [Worker-6] WARN  o.e.m.c.i.embedder.EclipseLogger - Using platform encoding (UTF-8 actually) to copy filtered resources, i.e. build is platform dependent!
2016-06-10 19:33:16,146 [Worker-6] INFO  o.e.m.c.i.embedder.EclipseLogger - skip non existing resourceDirectory /home/gersonsales/github/leda/LEDA/roteiros/roteiro(2)/Roteiro-OrdenacaoPorComparacao-II-environment-T1_T2/src/test/resources
2016-06-10 19:33:17,049 [Worker-6] WARN  o.e.m.c.i.embedder.EclipseLogger - Using platform encoding (UTF-8 actually) to copy filtered resources, i.e. build is platform dependent!
2016-06-10 19:33:17,049 [Worker-6] INFO  o.e.m.c.i.embedder.EclipseLogger - skip non existing resourceDirectory /home/gersonsales/github/leda/LEDA/roteiros/roteiro(2)/Roteiro-OrdenacaoPorComparacao-II-environment-T3/src/main/resources
2016-06-10 19:33:17,051 [Worker-6] WARN  o.e.m.c.i.embedder.EclipseLogger - Using platform encoding (UTF-8 actually) to copy filtered resources, i.e. build is platform dependent!
2016-06-10 19:33:17,052 [Worker-6] INFO  o.e.m.c.i.embedder.EclipseLogger - skip non existing resourceDirectory /home/gersonsales/github/leda/LEDA/roteiros/roteiro(2)/Roteiro-OrdenacaoPorComparacao-II-environment-T3/src/test/resources
2016-06-10 19:36:29,125 [Worker-14] WARN  o.e.m.c.i.embedder.EclipseLogger - Using platform encoding (UTF-8 actually) to copy filtered resources, i.e. build is platform dependent!
2016-06-10 19:36:29,126 [Worker-14] INFO  o.e.m.c.i.embedder.EclipseLogger - skip non existing resourceDirectory /home/gersonsales/github/leda/LEDA/roteiros/roteiro(2)/Roteiro-OrdenacaoPorComparacao-II-environment-T1_T2/src/main/resources
2016-06-10 19:36:29,137 [Worker-14] WARN  o.e.m.c.i.embedder.EclipseLogger - Using platform encoding (UTF-8 actually) to copy filtered resources, i.e. build is platform dependent!
2016-06-10 19:36:29,138 [Worker-14] INFO  o.e.m.c.i.embedder.EclipseLogger - skip non existing resourceDirectory /home/gersonsales/github/leda/LEDA/roteiros/roteiro(2)/Roteiro-OrdenacaoPorComparacao-II-environment-T1_T2/src/test/resources
2016-06-10 19:36:42,389 [Worker-7] WARN  o.e.m.c.i.embedder.EclipseLogger - Using platform encoding (UTF-8 actually) to copy filtered resources, i.e. build is platform dependent!
2016-06-10 19:36:42,390 [Worker-7] INFO  o.e.m.c.i.embedder.EclipseLogger - skip non existing resourceDirectory /home/gersonsales/github/leda/LEDA/roteiros/roteiro(2)/Roteiro-OrdenacaoPorComparacao-II-environment-T1_T2/src/main/resources
2016-06-10 19:36:42,391 [Worker-7] WARN  o.e.m.c.i.embedder.EclipseLogger - Using platform encoding (UTF-8 actually) to copy filtered resources, i.e. build is platform dependent!
2016-06-10 19:36:42,392 [Worker-7] INFO  o.e.m.c.i.embedder.EclipseLogger - skip non existing resourceDirectory /home/gersonsales/github/leda/LEDA/roteiros/roteiro(2)/Roteiro-OrdenacaoPorComparacao-II-environment-T1_T2/src/test/resources
2016-06-10 19:36:44,383 [main] INFO  c.g.t.t.d.PublishedGradleVersions - Gradle version information cache file is not out-of-date. No remote download required.
2016-06-10 19:38:13,072 [Worker-7] WARN  o.e.m.c.i.embedder.EclipseLogger - Using platform encoding (UTF-8 actually) to copy filtered resources, i.e. build is platform dependent!
2016-06-10 19:38:13,073 [Worker-7] INFO  o.e.m.c.i.embedder.EclipseLogger - skip non existing resourceDirectory /home/gersonsales/github/leda/LEDA/roteiros/roteiro(2)/Roteiro-OrdenacaoPorComparacao-II-environment-T1_T2/src/main/resources
2016-06-10 19:38:13,075 [Worker-7] WARN  o.e.m.c.i.embedder.EclipseLogger - Using platform encoding (UTF-8 actually) to copy filtered resources, i.e. build is platform dependent!
2016-06-10 19:38:13,076 [Worker-7] INFO  o.e.m.c.i.embedder.EclipseLogger - skip non existing resourceDirectory /home/gersonsales/github/leda/LEDA/roteiros/roteiro(2)/Roteiro-OrdenacaoPorComparacao-II-environment-T1_T2/src/test/resources
2016-06-10 19:43:59,936 [Worker-4] WARN  o.e.m.c.i.embedder.EclipseLogger - Using platform encoding (UTF-8 actually) to copy filtered resources, i.e. build is platform dependent!
2016-06-10 19:43:59,937 [Worker-4] INFO  o.e.m.c.i.embedder.EclipseLogger - skip non existing resourceDirectory /home/gersonsales/github/leda/LEDA/roteiros/roteiro(2)/Roteiro-OrdenacaoPorComparacao-II-environment-T1_T2/src/main/resources
2016-06-10 19:43:59,938 [Worker-4] WARN  o.e.m.c.i.embedder.EclipseLogger - Using platform encoding (UTF-8 actually) to copy filtered resources, i.e. build is platform dependent!
2016-06-10 19:43:59,939 [Worker-4] INFO  o.e.m.c.i.embedder.EclipseLogger - skip non existing resourceDirectory /home/gersonsales/github/leda/LEDA/roteiros/roteiro(2)/Roteiro-OrdenacaoPorComparacao-II-environment-T1_T2/src/test/resources
2016-06-10 19:44:20,574 [Worker-12] WARN  o.e.m.c.i.embedder.EclipseLogger - Using platform encoding (UTF-8 actually) to copy filtered resources, i.e. build is platform dependent!
2016-06-10 19:44:20,575 [Worker-12] INFO  o.e.m.c.i.embedder.EclipseLogger - skip non existing resourceDirectory /home/gersonsales/github/leda/LEDA/roteiros/roteiro(2)/Roteiro-OrdenacaoPorComparacao-II-environment-T1_T2/src/main/resources
2016-06-10 19:44:20,577 [Worker-12] WARN  o.e.m.c.i.embedder.EclipseLogger - Using platform encoding (UTF-8 actually) to copy filtered resources, i.e. build is platform dependent!
2016-06-10 19:44:20,578 [Worker-12] INFO  o.e.m.c.i.embedder.EclipseLogger - skip non existing resourceDirectory /home/gersonsales/github/leda/LEDA/roteiros/roteiro(2)/Roteiro-OrdenacaoPorComparacao-II-environment-T1_T2/src/test/resources
