2016-06-05 16:06:15,322 [Worker-16] INFO  o.e.m.c.i.l.LifecycleMappingFactory - Using org.eclipse.m2e.jdt.JarLifecycleMapping lifecycle mapping for MavenProject: br.edu.ufcg.computacao:submission:1.0 @ /home/gersonsales/github/leda/LEDA/roteiros/roteiro(4)/Roteiro-Revisao-JUnit-environment/pom.xml.
2016-06-05 16:06:16,069 [Worker-16] INFO  o.e.m.j.i.AbstractJavaProjectConfigurator - Adding source folder /Roteiro-Revisao-JUnit-environment/src/main/java
2016-06-05 16:06:16,070 [Worker-16] INFO  o.e.m.j.i.AbstractJavaProjectConfigurator - Adding source folder /Roteiro-Revisao-JUnit-environment/src/test/java
2016-06-05 16:06:17,240 [Worker-16] INFO  o.e.m.c.i.p.ProjectConfigurationManager - Imported and configured 1 project(s) in 4 sec
2016-06-05 16:06:18,628 [Worker-17] WARN  o.e.m.c.i.embedder.EclipseLogger - Using platform encoding (UTF-8 actually) to copy filtered resources, i.e. build is platform dependent!
2016-06-05 16:06:18,646 [Worker-17] INFO  o.e.m.c.i.embedder.EclipseLogger - skip non existing resourceDirectory /home/gersonsales/github/leda/LEDA/roteiros/roteiro(4)/Roteiro-Revisao-JUnit-environment/src/main/resources
2016-06-05 16:06:18,649 [Worker-17] WARN  o.e.m.c.i.embedder.EclipseLogger - Using platform encoding (UTF-8 actually) to copy filtered resources, i.e. build is platform dependent!
2016-06-05 16:06:18,649 [Worker-17] INFO  o.e.m.c.i.embedder.EclipseLogger - skip non existing resourceDirectory /home/gersonsales/github/leda/LEDA/roteiros/roteiro(4)/Roteiro-Revisao-JUnit-environment/src/test/resources
2016-06-05 17:07:07,759 [Worker-22] WARN  o.e.m.c.i.embedder.EclipseLogger - Using platform encoding (UTF-8 actually) to copy filtered resources, i.e. build is platform dependent!
2016-06-05 17:07:07,764 [Worker-22] INFO  o.e.m.c.i.embedder.EclipseLogger - skip non existing resourceDirectory /home/gersonsales/github/leda/LEDA/roteiros/roteiro(4)/Roteiro-Revisao-JUnit-environment/src/main/resources
2016-06-05 17:07:07,767 [Worker-22] WARN  o.e.m.c.i.embedder.EclipseLogger - Using platform encoding (UTF-8 actually) to copy filtered resources, i.e. build is platform dependent!
2016-06-05 17:07:07,767 [Worker-22] INFO  o.e.m.c.i.embedder.EclipseLogger - skip non existing resourceDirectory /home/gersonsales/github/leda/LEDA/roteiros/roteiro(4)/Roteiro-Revisao-JUnit-environment/src/test/resources
2016-06-05 17:16:55,811 [Worker-20] WARN  o.e.m.c.i.embedder.EclipseLogger - Using platform encoding (UTF-8 actually) to copy filtered resources, i.e. build is platform dependent!
2016-06-05 17:16:55,811 [Worker-20] INFO  o.e.m.c.i.embedder.EclipseLogger - skip non existing resourceDirectory /home/gersonsales/github/leda/LEDA/roteiros/roteiro(4)/Roteiro-Revisao-JUnit-environment/src/main/resources
2016-06-05 17:16:55,813 [Worker-20] WARN  o.e.m.c.i.embedder.EclipseLogger - Using platform encoding (UTF-8 actually) to copy filtered resources, i.e. build is platform dependent!
2016-06-05 17:16:55,813 [Worker-20] INFO  o.e.m.c.i.embedder.EclipseLogger - skip non existing resourceDirectory /home/gersonsales/github/leda/LEDA/roteiros/roteiro(4)/Roteiro-Revisao-JUnit-environment/src/test/resources
2016-06-05 17:17:39,658 [Worker-28] WARN  o.e.m.c.i.embedder.EclipseLogger - Using platform encoding (UTF-8 actually) to copy filtered resources, i.e. build is platform dependent!
2016-06-05 17:17:39,659 [Worker-28] INFO  o.e.m.c.i.embedder.EclipseLogger - skip non existing resourceDirectory /home/gersonsales/github/leda/LEDA/roteiros/roteiro(4)/Roteiro-Revisao-JUnit-environment/src/main/resources
2016-06-05 17:17:39,661 [Worker-28] WARN  o.e.m.c.i.embedder.EclipseLogger - Using platform encoding (UTF-8 actually) to copy filtered resources, i.e. build is platform dependent!
2016-06-05 17:17:39,662 [Worker-28] INFO  o.e.m.c.i.embedder.EclipseLogger - skip non existing resourceDirectory /home/gersonsales/github/leda/LEDA/roteiros/roteiro(4)/Roteiro-Revisao-JUnit-environment/src/test/resources
2016-06-05 17:17:59,612 [Worker-28] WARN  o.e.m.c.i.embedder.EclipseLogger - Using platform encoding (UTF-8 actually) to copy filtered resources, i.e. build is platform dependent!
2016-06-05 17:17:59,613 [Worker-28] INFO  o.e.m.c.i.embedder.EclipseLogger - skip non existing resourceDirectory /home/gersonsales/github/leda/LEDA/roteiros/roteiro(4)/Roteiro-Revisao-JUnit-environment/src/main/resources
2016-06-05 17:17:59,614 [Worker-28] WARN  o.e.m.c.i.embedder.EclipseLogger - Using platform encoding (UTF-8 actually) to copy filtered resources, i.e. build is platform dependent!
2016-06-05 17:17:59,615 [Worker-28] INFO  o.e.m.c.i.embedder.EclipseLogger - skip non existing resourceDirectory /home/gersonsales/github/leda/LEDA/roteiros/roteiro(4)/Roteiro-Revisao-JUnit-environment/src/test/resources
2016-06-05 17:18:50,522 [Worker-28] WARN  o.e.m.c.i.embedder.EclipseLogger - Using platform encoding (UTF-8 actually) to copy filtered resources, i.e. build is platform dependent!
2016-06-05 17:18:50,522 [Worker-28] INFO  o.e.m.c.i.embedder.EclipseLogger - skip non existing resourceDirectory /home/gersonsales/github/leda/LEDA/roteiros/roteiro(4)/Roteiro-Revisao-JUnit-environment/src/main/resources
2016-06-05 17:18:50,523 [Worker-28] WARN  o.e.m.c.i.embedder.EclipseLogger - Using platform encoding (UTF-8 actually) to copy filtered resources, i.e. build is platform dependent!
2016-06-05 17:18:50,523 [Worker-28] INFO  o.e.m.c.i.embedder.EclipseLogger - skip non existing resourceDirectory /home/gersonsales/github/leda/LEDA/roteiros/roteiro(4)/Roteiro-Revisao-JUnit-environment/src/test/resources
2016-06-05 17:18:55,681 [Worker-30] WARN  o.e.m.c.i.embedder.EclipseLogger - Using platform encoding (UTF-8 actually) to copy filtered resources, i.e. build is platform dependent!
2016-06-05 17:18:55,681 [Worker-30] INFO  o.e.m.c.i.embedder.EclipseLogger - skip non existing resourceDirectory /home/gersonsales/github/leda/LEDA/roteiros/roteiro(4)/Roteiro-Revisao-JUnit-environment/src/main/resources
2016-06-05 17:18:55,683 [Worker-30] WARN  o.e.m.c.i.embedder.EclipseLogger - Using platform encoding (UTF-8 actually) to copy filtered resources, i.e. build is platform dependent!
2016-06-05 17:18:55,683 [Worker-30] INFO  o.e.m.c.i.embedder.EclipseLogger - skip non existing resourceDirectory /home/gersonsales/github/leda/LEDA/roteiros/roteiro(4)/Roteiro-Revisao-JUnit-environment/src/test/resources
2016-06-05 17:18:57,168 [Worker-28] WARN  o.e.m.c.i.embedder.EclipseLogger - Using platform encoding (UTF-8 actually) to copy filtered resources, i.e. build is platform dependent!
2016-06-05 17:18:57,169 [Worker-28] INFO  o.e.m.c.i.embedder.EclipseLogger - skip non existing resourceDirectory /home/gersonsales/github/leda/LEDA/roteiros/roteiro(4)/Roteiro-Revisao-JUnit-environment/src/main/resources
2016-06-05 17:18:57,170 [Worker-28] WARN  o.e.m.c.i.embedder.EclipseLogger - Using platform encoding (UTF-8 actually) to copy filtered resources, i.e. build is platform dependent!
2016-06-05 17:18:57,170 [Worker-28] INFO  o.e.m.c.i.embedder.EclipseLogger - skip non existing resourceDirectory /home/gersonsales/github/leda/LEDA/roteiros/roteiro(4)/Roteiro-Revisao-JUnit-environment/src/test/resources
2016-06-05 17:19:02,379 [Worker-26] WARN  o.e.m.c.i.embedder.EclipseLogger - Using platform encoding (UTF-8 actually) to copy filtered resources, i.e. build is platform dependent!
2016-06-05 17:19:02,380 [Worker-26] INFO  o.e.m.c.i.embedder.EclipseLogger - skip non existing resourceDirectory /home/gersonsales/github/leda/LEDA/roteiros/roteiro(4)/Roteiro-Revisao-JUnit-environment/src/main/resources
2016-06-05 17:19:02,384 [Worker-26] WARN  o.e.m.c.i.embedder.EclipseLogger - Using platform encoding (UTF-8 actually) to copy filtered resources, i.e. build is platform dependent!
2016-06-05 17:19:02,385 [Worker-26] INFO  o.e.m.c.i.embedder.EclipseLogger - skip non existing resourceDirectory /home/gersonsales/github/leda/LEDA/roteiros/roteiro(4)/Roteiro-Revisao-JUnit-environment/src/test/resources
2016-06-05 17:19:09,285 [Worker-30] WARN  o.e.m.c.i.embedder.EclipseLogger - Using platform encoding (UTF-8 actually) to copy filtered resources, i.e. build is platform dependent!
2016-06-05 17:19:09,286 [Worker-30] INFO  o.e.m.c.i.embedder.EclipseLogger - skip non existing resourceDirectory /home/gersonsales/github/leda/LEDA/roteiros/roteiro(4)/Roteiro-Revisao-JUnit-environment/src/main/resources
2016-06-05 17:19:09,287 [Worker-30] WARN  o.e.m.c.i.embedder.EclipseLogger - Using platform encoding (UTF-8 actually) to copy filtered resources, i.e. build is platform dependent!
2016-06-05 17:19:09,287 [Worker-30] INFO  o.e.m.c.i.embedder.EclipseLogger - skip non existing resourceDirectory /home/gersonsales/github/leda/LEDA/roteiros/roteiro(4)/Roteiro-Revisao-JUnit-environment/src/test/resources
2016-06-05 17:19:40,636 [Worker-30] WARN  o.e.m.c.i.embedder.EclipseLogger - Using platform encoding (UTF-8 actually) to copy filtered resources, i.e. build is platform dependent!
2016-06-05 17:19:40,636 [Worker-30] INFO  o.e.m.c.i.embedder.EclipseLogger - skip non existing resourceDirectory /home/gersonsales/github/leda/LEDA/roteiros/roteiro(4)/Roteiro-Revisao-JUnit-environment/src/main/resources
2016-06-05 17:19:40,638 [Worker-30] WARN  o.e.m.c.i.embedder.EclipseLogger - Using platform encoding (UTF-8 actually) to copy filtered resources, i.e. build is platform dependent!
2016-06-05 17:19:40,638 [Worker-30] INFO  o.e.m.c.i.embedder.EclipseLogger - skip non existing resourceDirectory /home/gersonsales/github/leda/LEDA/roteiros/roteiro(4)/Roteiro-Revisao-JUnit-environment/src/test/resources
2016-06-05 17:19:52,606 [Worker-26] WARN  o.e.m.c.i.embedder.EclipseLogger - Using platform encoding (UTF-8 actually) to copy filtered resources, i.e. build is platform dependent!
2016-06-05 17:19:52,606 [Worker-26] INFO  o.e.m.c.i.embedder.EclipseLogger - skip non existing resourceDirectory /home/gersonsales/github/leda/LEDA/roteiros/roteiro(4)/Roteiro-Revisao-JUnit-environment/src/main/resources
2016-06-05 17:19:52,607 [Worker-26] WARN  o.e.m.c.i.embedder.EclipseLogger - Using platform encoding (UTF-8 actually) to copy filtered resources, i.e. build is platform dependent!
2016-06-05 17:19:52,608 [Worker-26] INFO  o.e.m.c.i.embedder.EclipseLogger - skip non existing resourceDirectory /home/gersonsales/github/leda/LEDA/roteiros/roteiro(4)/Roteiro-Revisao-JUnit-environment/src/test/resources
2016-06-05 17:21:15,311 [Worker-28] WARN  o.e.m.c.i.embedder.EclipseLogger - Using platform encoding (UTF-8 actually) to copy filtered resources, i.e. build is platform dependent!
2016-06-05 17:21:15,311 [Worker-28] INFO  o.e.m.c.i.embedder.EclipseLogger - skip non existing resourceDirectory /home/gersonsales/github/leda/LEDA/roteiros/roteiro(4)/Roteiro-Revisao-JUnit-environment/src/main/resources
2016-06-05 17:21:15,312 [Worker-28] WARN  o.e.m.c.i.embedder.EclipseLogger - Using platform encoding (UTF-8 actually) to copy filtered resources, i.e. build is platform dependent!
2016-06-05 17:21:15,313 [Worker-28] INFO  o.e.m.c.i.embedder.EclipseLogger - skip non existing resourceDirectory /home/gersonsales/github/leda/LEDA/roteiros/roteiro(4)/Roteiro-Revisao-JUnit-environment/src/test/resources
2016-06-05 17:21:47,650 [Worker-26] WARN  o.e.m.c.i.embedder.EclipseLogger - Using platform encoding (UTF-8 actually) to copy filtered resources, i.e. build is platform dependent!
2016-06-05 17:21:47,650 [Worker-26] INFO  o.e.m.c.i.embedder.EclipseLogger - skip non existing resourceDirectory /home/gersonsales/github/leda/LEDA/roteiros/roteiro(4)/Roteiro-Revisao-JUnit-environment/src/main/resources
2016-06-05 17:21:47,651 [Worker-26] WARN  o.e.m.c.i.embedder.EclipseLogger - Using platform encoding (UTF-8 actually) to copy filtered resources, i.e. build is platform dependent!
2016-06-05 17:21:47,652 [Worker-26] INFO  o.e.m.c.i.embedder.EclipseLogger - skip non existing resourceDirectory /home/gersonsales/github/leda/LEDA/roteiros/roteiro(4)/Roteiro-Revisao-JUnit-environment/src/test/resources
2016-06-05 17:21:50,916 [Worker-30] WARN  o.e.m.c.i.embedder.EclipseLogger - Using platform encoding (UTF-8 actually) to copy filtered resources, i.e. build is platform dependent!
2016-06-05 17:21:50,916 [Worker-30] INFO  o.e.m.c.i.embedder.EclipseLogger - skip non existing resourceDirectory /home/gersonsales/github/leda/LEDA/roteiros/roteiro(4)/Roteiro-Revisao-JUnit-environment/src/main/resources
2016-06-05 17:21:50,918 [Worker-30] WARN  o.e.m.c.i.embedder.EclipseLogger - Using platform encoding (UTF-8 actually) to copy filtered resources, i.e. build is platform dependent!
2016-06-05 17:21:50,918 [Worker-30] INFO  o.e.m.c.i.embedder.EclipseLogger - skip non existing resourceDirectory /home/gersonsales/github/leda/LEDA/roteiros/roteiro(4)/Roteiro-Revisao-JUnit-environment/src/test/resources
2016-06-05 17:22:36,250 [Worker-24] WARN  o.e.m.c.i.embedder.EclipseLogger - Using platform encoding (UTF-8 actually) to copy filtered resources, i.e. build is platform dependent!
2016-06-05 17:22:36,256 [Worker-24] INFO  o.e.m.c.i.embedder.EclipseLogger - skip non existing resourceDirectory /home/gersonsales/github/leda/LEDA/roteiros/roteiro(4)/Roteiro-Revisao-JUnit-environment/src/main/resources
2016-06-05 17:22:36,258 [Worker-24] WARN  o.e.m.c.i.embedder.EclipseLogger - Using platform encoding (UTF-8 actually) to copy filtered resources, i.e. build is platform dependent!
2016-06-05 17:22:36,258 [Worker-24] INFO  o.e.m.c.i.embedder.EclipseLogger - skip non existing resourceDirectory /home/gersonsales/github/leda/LEDA/roteiros/roteiro(4)/Roteiro-Revisao-JUnit-environment/src/test/resources
2016-06-05 17:22:49,688 [Worker-30] WARN  o.e.m.c.i.embedder.EclipseLogger - Using platform encoding (UTF-8 actually) to copy filtered resources, i.e. build is platform dependent!
2016-06-05 17:22:49,689 [Worker-30] INFO  o.e.m.c.i.embedder.EclipseLogger - skip non existing resourceDirectory /home/gersonsales/github/leda/LEDA/roteiros/roteiro(4)/Roteiro-Revisao-JUnit-environment/src/main/resources
2016-06-05 17:22:49,692 [Worker-30] WARN  o.e.m.c.i.embedder.EclipseLogger - Using platform encoding (UTF-8 actually) to copy filtered resources, i.e. build is platform dependent!
2016-06-05 17:22:49,700 [Worker-30] INFO  o.e.m.c.i.embedder.EclipseLogger - skip non existing resourceDirectory /home/gersonsales/github/leda/LEDA/roteiros/roteiro(4)/Roteiro-Revisao-JUnit-environment/src/test/resources
2016-06-05 17:23:37,035 [Worker-29] WARN  o.e.m.c.i.embedder.EclipseLogger - Using platform encoding (UTF-8 actually) to copy filtered resources, i.e. build is platform dependent!
2016-06-05 17:23:37,036 [Worker-29] INFO  o.e.m.c.i.embedder.EclipseLogger - skip non existing resourceDirectory /home/gersonsales/github/leda/LEDA/roteiros/roteiro(4)/Roteiro-Revisao-JUnit-environment/src/main/resources
2016-06-05 17:23:37,037 [Worker-29] WARN  o.e.m.c.i.embedder.EclipseLogger - Using platform encoding (UTF-8 actually) to copy filtered resources, i.e. build is platform dependent!
2016-06-05 17:23:37,037 [Worker-29] INFO  o.e.m.c.i.embedder.EclipseLogger - skip non existing resourceDirectory /home/gersonsales/github/leda/LEDA/roteiros/roteiro(4)/Roteiro-Revisao-JUnit-environment/src/test/resources
2016-06-05 17:25:17,232 [Worker-24] WARN  o.e.m.c.i.embedder.EclipseLogger - Using platform encoding (UTF-8 actually) to copy filtered resources, i.e. build is platform dependent!
2016-06-05 17:25:17,233 [Worker-24] INFO  o.e.m.c.i.embedder.EclipseLogger - skip non existing resourceDirectory /home/gersonsales/github/leda/LEDA/roteiros/roteiro(4)/Roteiro-Revisao-JUnit-environment/src/main/resources
2016-06-05 17:25:17,234 [Worker-24] WARN  o.e.m.c.i.embedder.EclipseLogger - Using platform encoding (UTF-8 actually) to copy filtered resources, i.e. build is platform dependent!
2016-06-05 17:25:17,235 [Worker-24] INFO  o.e.m.c.i.embedder.EclipseLogger - skip non existing resourceDirectory /home/gersonsales/github/leda/LEDA/roteiros/roteiro(4)/Roteiro-Revisao-JUnit-environment/src/test/resources
2016-06-05 17:25:25,862 [Worker-26] WARN  o.e.m.c.i.embedder.EclipseLogger - Using platform encoding (UTF-8 actually) to copy filtered resources, i.e. build is platform dependent!
2016-06-05 17:25:25,863 [Worker-26] INFO  o.e.m.c.i.embedder.EclipseLogger - skip non existing resourceDirectory /home/gersonsales/github/leda/LEDA/roteiros/roteiro(4)/Roteiro-Revisao-JUnit-environment/src/main/resources
2016-06-05 17:25:25,864 [Worker-26] WARN  o.e.m.c.i.embedder.EclipseLogger - Using platform encoding (UTF-8 actually) to copy filtered resources, i.e. build is platform dependent!
2016-06-05 17:25:25,864 [Worker-26] INFO  o.e.m.c.i.embedder.EclipseLogger - skip non existing resourceDirectory /home/gersonsales/github/leda/LEDA/roteiros/roteiro(4)/Roteiro-Revisao-JUnit-environment/src/test/resources
2016-06-05 17:25:40,889 [Worker-24] WARN  o.e.m.c.i.embedder.EclipseLogger - Using platform encoding (UTF-8 actually) to copy filtered resources, i.e. build is platform dependent!
2016-06-05 17:25:40,889 [Worker-24] INFO  o.e.m.c.i.embedder.EclipseLogger - skip non existing resourceDirectory /home/gersonsales/github/leda/LEDA/roteiros/roteiro(4)/Roteiro-Revisao-JUnit-environment/src/main/resources
2016-06-05 17:25:40,891 [Worker-24] WARN  o.e.m.c.i.embedder.EclipseLogger - Using platform encoding (UTF-8 actually) to copy filtered resources, i.e. build is platform dependent!
2016-06-05 17:25:40,891 [Worker-24] INFO  o.e.m.c.i.embedder.EclipseLogger - skip non existing resourceDirectory /home/gersonsales/github/leda/LEDA/roteiros/roteiro(4)/Roteiro-Revisao-JUnit-environment/src/test/resources
2016-06-05 17:26:01,466 [Worker-30] WARN  o.e.m.c.i.embedder.EclipseLogger - Using platform encoding (UTF-8 actually) to copy filtered resources, i.e. build is platform dependent!
2016-06-05 17:26:01,467 [Worker-30] INFO  o.e.m.c.i.embedder.EclipseLogger - skip non existing resourceDirectory /home/gersonsales/github/leda/LEDA/roteiros/roteiro(4)/Roteiro-Revisao-JUnit-environment/src/main/resources
2016-06-05 17:26:01,468 [Worker-30] WARN  o.e.m.c.i.embedder.EclipseLogger - Using platform encoding (UTF-8 actually) to copy filtered resources, i.e. build is platform dependent!
2016-06-05 17:26:01,468 [Worker-30] INFO  o.e.m.c.i.embedder.EclipseLogger - skip non existing resourceDirectory /home/gersonsales/github/leda/LEDA/roteiros/roteiro(4)/Roteiro-Revisao-JUnit-environment/src/test/resources
2016-06-05 17:28:10,417 [Worker-30] WARN  o.e.m.c.i.embedder.EclipseLogger - Using platform encoding (UTF-8 actually) to copy filtered resources, i.e. build is platform dependent!
2016-06-05 17:28:10,417 [Worker-30] INFO  o.e.m.c.i.embedder.EclipseLogger - skip non existing resourceDirectory /home/gersonsales/github/leda/LEDA/roteiros/roteiro(4)/Roteiro-Revisao-JUnit-environment/src/main/resources
2016-06-05 17:28:10,419 [Worker-30] WARN  o.e.m.c.i.embedder.EclipseLogger - Using platform encoding (UTF-8 actually) to copy filtered resources, i.e. build is platform dependent!
2016-06-05 17:28:10,419 [Worker-30] INFO  o.e.m.c.i.embedder.EclipseLogger - skip non existing resourceDirectory /home/gersonsales/github/leda/LEDA/roteiros/roteiro(4)/Roteiro-Revisao-JUnit-environment/src/test/resources
2016-06-05 17:31:40,797 [Worker-31] WARN  o.e.m.c.i.embedder.EclipseLogger - Using platform encoding (UTF-8 actually) to copy filtered resources, i.e. build is platform dependent!
2016-06-05 17:31:40,798 [Worker-31] INFO  o.e.m.c.i.embedder.EclipseLogger - skip non existing resourceDirectory /home/gersonsales/github/leda/LEDA/roteiros/roteiro(4)/Roteiro-Revisao-JUnit-environment/src/main/resources
2016-06-05 17:31:40,799 [Worker-31] WARN  o.e.m.c.i.embedder.EclipseLogger - Using platform encoding (UTF-8 actually) to copy filtered resources, i.e. build is platform dependent!
2016-06-05 17:31:40,799 [Worker-31] INFO  o.e.m.c.i.embedder.EclipseLogger - skip non existing resourceDirectory /home/gersonsales/github/leda/LEDA/roteiros/roteiro(4)/Roteiro-Revisao-JUnit-environment/src/test/resources
2016-06-05 17:32:47,129 [Worker-26] WARN  o.e.m.c.i.embedder.EclipseLogger - Using platform encoding (UTF-8 actually) to copy filtered resources, i.e. build is platform dependent!
2016-06-05 17:32:47,130 [Worker-26] INFO  o.e.m.c.i.embedder.EclipseLogger - skip non existing resourceDirectory /home/gersonsales/github/leda/LEDA/roteiros/roteiro(4)/Roteiro-Revisao-JUnit-environment/src/main/resources
2016-06-05 17:32:47,131 [Worker-26] WARN  o.e.m.c.i.embedder.EclipseLogger - Using platform encoding (UTF-8 actually) to copy filtered resources, i.e. build is platform dependent!
2016-06-05 17:32:47,132 [Worker-26] INFO  o.e.m.c.i.embedder.EclipseLogger - skip non existing resourceDirectory /home/gersonsales/github/leda/LEDA/roteiros/roteiro(4)/Roteiro-Revisao-JUnit-environment/src/test/resources
2016-06-05 17:32:52,760 [Worker-26] WARN  o.e.m.c.i.embedder.EclipseLogger - Using platform encoding (UTF-8 actually) to copy filtered resources, i.e. build is platform dependent!
2016-06-05 17:32:52,760 [Worker-26] INFO  o.e.m.c.i.embedder.EclipseLogger - skip non existing resourceDirectory /home/gersonsales/github/leda/LEDA/roteiros/roteiro(4)/Roteiro-Revisao-JUnit-environment/src/main/resources
2016-06-05 17:32:52,761 [Worker-26] WARN  o.e.m.c.i.embedder.EclipseLogger - Using platform encoding (UTF-8 actually) to copy filtered resources, i.e. build is platform dependent!
2016-06-05 17:32:52,762 [Worker-26] INFO  o.e.m.c.i.embedder.EclipseLogger - skip non existing resourceDirectory /home/gersonsales/github/leda/LEDA/roteiros/roteiro(4)/Roteiro-Revisao-JUnit-environment/src/test/resources
2016-06-05 17:33:20,169 [Worker-29] WARN  o.e.m.c.i.embedder.EclipseLogger - Using platform encoding (UTF-8 actually) to copy filtered resources, i.e. build is platform dependent!
2016-06-05 17:33:20,170 [Worker-29] INFO  o.e.m.c.i.embedder.EclipseLogger - skip non existing resourceDirectory /home/gersonsales/github/leda/LEDA/roteiros/roteiro(4)/Roteiro-Revisao-JUnit-environment/src/main/resources
2016-06-05 17:33:20,172 [Worker-29] WARN  o.e.m.c.i.embedder.EclipseLogger - Using platform encoding (UTF-8 actually) to copy filtered resources, i.e. build is platform dependent!
2016-06-05 17:33:20,173 [Worker-29] INFO  o.e.m.c.i.embedder.EclipseLogger - skip non existing resourceDirectory /home/gersonsales/github/leda/LEDA/roteiros/roteiro(4)/Roteiro-Revisao-JUnit-environment/src/test/resources
2016-06-05 17:33:22,351 [Worker-33] WARN  o.e.m.c.i.embedder.EclipseLogger - Using platform encoding (UTF-8 actually) to copy filtered resources, i.e. build is platform dependent!
2016-06-05 17:33:22,352 [Worker-33] INFO  o.e.m.c.i.embedder.EclipseLogger - skip non existing resourceDirectory /home/gersonsales/github/leda/LEDA/roteiros/roteiro(4)/Roteiro-Revisao-JUnit-environment/src/main/resources
2016-06-05 17:33:22,353 [Worker-33] WARN  o.e.m.c.i.embedder.EclipseLogger - Using platform encoding (UTF-8 actually) to copy filtered resources, i.e. build is platform dependent!
2016-06-05 17:33:22,354 [Worker-33] INFO  o.e.m.c.i.embedder.EclipseLogger - skip non existing resourceDirectory /home/gersonsales/github/leda/LEDA/roteiros/roteiro(4)/Roteiro-Revisao-JUnit-environment/src/test/resources
2016-06-05 17:34:12,600 [Worker-31] WARN  o.e.m.c.i.embedder.EclipseLogger - Using platform encoding (UTF-8 actually) to copy filtered resources, i.e. build is platform dependent!
2016-06-05 17:34:12,601 [Worker-31] INFO  o.e.m.c.i.embedder.EclipseLogger - skip non existing resourceDirectory /home/gersonsales/github/leda/LEDA/roteiros/roteiro(4)/Roteiro-Revisao-JUnit-environment/src/main/resources
2016-06-05 17:34:12,602 [Worker-31] WARN  o.e.m.c.i.embedder.EclipseLogger - Using platform encoding (UTF-8 actually) to copy filtered resources, i.e. build is platform dependent!
2016-06-05 17:34:12,603 [Worker-31] INFO  o.e.m.c.i.embedder.EclipseLogger - skip non existing resourceDirectory /home/gersonsales/github/leda/LEDA/roteiros/roteiro(4)/Roteiro-Revisao-JUnit-environment/src/test/resources
2016-06-05 17:36:38,103 [Worker-26] WARN  o.e.m.c.i.embedder.EclipseLogger - Using platform encoding (UTF-8 actually) to copy filtered resources, i.e. build is platform dependent!
2016-06-05 17:36:38,103 [Worker-26] INFO  o.e.m.c.i.embedder.EclipseLogger - skip non existing resourceDirectory /home/gersonsales/github/leda/LEDA/roteiros/roteiro(4)/Roteiro-Revisao-JUnit-environment/src/main/resources
2016-06-05 17:36:38,104 [Worker-26] WARN  o.e.m.c.i.embedder.EclipseLogger - Using platform encoding (UTF-8 actually) to copy filtered resources, i.e. build is platform dependent!
2016-06-05 17:36:38,104 [Worker-26] INFO  o.e.m.c.i.embedder.EclipseLogger - skip non existing resourceDirectory /home/gersonsales/github/leda/LEDA/roteiros/roteiro(4)/Roteiro-Revisao-JUnit-environment/src/test/resources
2016-06-05 17:36:57,324 [Worker-33] WARN  o.e.m.c.i.embedder.EclipseLogger - Using platform encoding (UTF-8 actually) to copy filtered resources, i.e. build is platform dependent!
2016-06-05 17:36:57,324 [Worker-33] INFO  o.e.m.c.i.embedder.EclipseLogger - skip non existing resourceDirectory /home/gersonsales/github/leda/LEDA/roteiros/roteiro(4)/Roteiro-Revisao-JUnit-environment/src/main/resources
2016-06-05 17:36:57,325 [Worker-33] WARN  o.e.m.c.i.embedder.EclipseLogger - Using platform encoding (UTF-8 actually) to copy filtered resources, i.e. build is platform dependent!
2016-06-05 17:36:57,326 [Worker-33] INFO  o.e.m.c.i.embedder.EclipseLogger - skip non existing resourceDirectory /home/gersonsales/github/leda/LEDA/roteiros/roteiro(4)/Roteiro-Revisao-JUnit-environment/src/test/resources
2016-06-05 17:37:37,163 [Worker-26] WARN  o.e.m.c.i.embedder.EclipseLogger - Using platform encoding (UTF-8 actually) to copy filtered resources, i.e. build is platform dependent!
2016-06-05 17:37:37,164 [Worker-26] INFO  o.e.m.c.i.embedder.EclipseLogger - skip non existing resourceDirectory /home/gersonsales/github/leda/LEDA/roteiros/roteiro(4)/Roteiro-Revisao-JUnit-environment/src/main/resources
2016-06-05 17:37:37,165 [Worker-26] WARN  o.e.m.c.i.embedder.EclipseLogger - Using platform encoding (UTF-8 actually) to copy filtered resources, i.e. build is platform dependent!
2016-06-05 17:37:37,165 [Worker-26] INFO  o.e.m.c.i.embedder.EclipseLogger - skip non existing resourceDirectory /home/gersonsales/github/leda/LEDA/roteiros/roteiro(4)/Roteiro-Revisao-JUnit-environment/src/test/resources
2016-06-05 17:38:54,847 [Worker-33] WARN  o.e.m.c.i.embedder.EclipseLogger - Using platform encoding (UTF-8 actually) to copy filtered resources, i.e. build is platform dependent!
2016-06-05 17:38:54,847 [Worker-33] INFO  o.e.m.c.i.embedder.EclipseLogger - skip non existing resourceDirectory /home/gersonsales/github/leda/LEDA/roteiros/roteiro(4)/Roteiro-Revisao-JUnit-environment/src/main/resources
2016-06-05 17:38:54,848 [Worker-33] WARN  o.e.m.c.i.embedder.EclipseLogger - Using platform encoding (UTF-8 actually) to copy filtered resources, i.e. build is platform dependent!
2016-06-05 17:38:54,848 [Worker-33] INFO  o.e.m.c.i.embedder.EclipseLogger - skip non existing resourceDirectory /home/gersonsales/github/leda/LEDA/roteiros/roteiro(4)/Roteiro-Revisao-JUnit-environment/src/test/resources
2016-06-05 17:40:41,063 [Worker-31] WARN  o.e.m.c.i.embedder.EclipseLogger - Using platform encoding (UTF-8 actually) to copy filtered resources, i.e. build is platform dependent!
2016-06-05 17:40:41,064 [Worker-31] INFO  o.e.m.c.i.embedder.EclipseLogger - skip non existing resourceDirectory /home/gersonsales/github/leda/LEDA/roteiros/roteiro(4)/Roteiro-Revisao-JUnit-environment/src/main/resources
2016-06-05 17:40:41,065 [Worker-31] WARN  o.e.m.c.i.embedder.EclipseLogger - Using platform encoding (UTF-8 actually) to copy filtered resources, i.e. build is platform dependent!
2016-06-05 17:40:41,066 [Worker-31] INFO  o.e.m.c.i.embedder.EclipseLogger - skip non existing resourceDirectory /home/gersonsales/github/leda/LEDA/roteiros/roteiro(4)/Roteiro-Revisao-JUnit-environment/src/test/resources
2016-06-05 17:44:26,680 [Worker-29] WARN  o.e.m.c.i.embedder.EclipseLogger - Using platform encoding (UTF-8 actually) to copy filtered resources, i.e. build is platform dependent!
2016-06-05 17:44:26,681 [Worker-29] INFO  o.e.m.c.i.embedder.EclipseLogger - skip non existing resourceDirectory /home/gersonsales/github/leda/LEDA/roteiros/roteiro(4)/Roteiro-Revisao-JUnit-environment/src/main/resources
2016-06-05 17:44:26,682 [Worker-29] WARN  o.e.m.c.i.embedder.EclipseLogger - Using platform encoding (UTF-8 actually) to copy filtered resources, i.e. build is platform dependent!
2016-06-05 17:44:26,682 [Worker-29] INFO  o.e.m.c.i.embedder.EclipseLogger - skip non existing resourceDirectory /home/gersonsales/github/leda/LEDA/roteiros/roteiro(4)/Roteiro-Revisao-JUnit-environment/src/test/resources
2016-06-05 17:44:59,535 [Worker-37] WARN  o.e.m.c.i.embedder.EclipseLogger - Using platform encoding (UTF-8 actually) to copy filtered resources, i.e. build is platform dependent!
2016-06-05 17:44:59,536 [Worker-37] INFO  o.e.m.c.i.embedder.EclipseLogger - skip non existing resourceDirectory /home/gersonsales/github/leda/LEDA/roteiros/roteiro(4)/Roteiro-Revisao-JUnit-environment/src/main/resources
2016-06-05 17:44:59,536 [Worker-37] WARN  o.e.m.c.i.embedder.EclipseLogger - Using platform encoding (UTF-8 actually) to copy filtered resources, i.e. build is platform dependent!
2016-06-05 17:44:59,537 [Worker-37] INFO  o.e.m.c.i.embedder.EclipseLogger - skip non existing resourceDirectory /home/gersonsales/github/leda/LEDA/roteiros/roteiro(4)/Roteiro-Revisao-JUnit-environment/src/test/resources
2016-06-05 17:46:21,296 [Worker-37] WARN  o.e.m.c.i.embedder.EclipseLogger - Using platform encoding (UTF-8 actually) to copy filtered resources, i.e. build is platform dependent!
2016-06-05 17:46:21,297 [Worker-37] INFO  o.e.m.c.i.embedder.EclipseLogger - skip non existing resourceDirectory /home/gersonsales/github/leda/LEDA/roteiros/roteiro(4)/Roteiro-Revisao-JUnit-environment/src/main/resources
2016-06-05 17:46:21,298 [Worker-37] WARN  o.e.m.c.i.embedder.EclipseLogger - Using platform encoding (UTF-8 actually) to copy filtered resources, i.e. build is platform dependent!
2016-06-05 17:46:21,298 [Worker-37] INFO  o.e.m.c.i.embedder.EclipseLogger - skip non existing resourceDirectory /home/gersonsales/github/leda/LEDA/roteiros/roteiro(4)/Roteiro-Revisao-JUnit-environment/src/test/resources
2016-06-05 17:46:35,287 [Worker-38] WARN  o.e.m.c.i.embedder.EclipseLogger - Using platform encoding (UTF-8 actually) to copy filtered resources, i.e. build is platform dependent!
2016-06-05 17:46:35,287 [Worker-38] INFO  o.e.m.c.i.embedder.EclipseLogger - skip non existing resourceDirectory /home/gersonsales/github/leda/LEDA/roteiros/roteiro(4)/Roteiro-Revisao-JUnit-environment/src/main/resources
2016-06-05 17:46:35,288 [Worker-38] WARN  o.e.m.c.i.embedder.EclipseLogger - Using platform encoding (UTF-8 actually) to copy filtered resources, i.e. build is platform dependent!
2016-06-05 17:46:35,289 [Worker-38] INFO  o.e.m.c.i.embedder.EclipseLogger - skip non existing resourceDirectory /home/gersonsales/github/leda/LEDA/roteiros/roteiro(4)/Roteiro-Revisao-JUnit-environment/src/test/resources
2016-06-05 17:46:42,521 [Worker-26] WARN  o.e.m.c.i.embedder.EclipseLogger - Using platform encoding (UTF-8 actually) to copy filtered resources, i.e. build is platform dependent!
2016-06-05 17:46:42,522 [Worker-26] INFO  o.e.m.c.i.embedder.EclipseLogger - skip non existing resourceDirectory /home/gersonsales/github/leda/LEDA/roteiros/roteiro(4)/Roteiro-Revisao-JUnit-environment/src/main/resources
2016-06-05 17:46:42,523 [Worker-26] WARN  o.e.m.c.i.embedder.EclipseLogger - Using platform encoding (UTF-8 actually) to copy filtered resources, i.e. build is platform dependent!
2016-06-05 17:46:42,524 [Worker-26] INFO  o.e.m.c.i.embedder.EclipseLogger - skip non existing resourceDirectory /home/gersonsales/github/leda/LEDA/roteiros/roteiro(4)/Roteiro-Revisao-JUnit-environment/src/test/resources
2016-06-05 17:46:52,689 [Worker-38] WARN  o.e.m.c.i.embedder.EclipseLogger - Using platform encoding (UTF-8 actually) to copy filtered resources, i.e. build is platform dependent!
2016-06-05 17:46:52,689 [Worker-38] INFO  o.e.m.c.i.embedder.EclipseLogger - skip non existing resourceDirectory /home/gersonsales/github/leda/LEDA/roteiros/roteiro(4)/Roteiro-Revisao-JUnit-environment/src/main/resources
2016-06-05 17:46:52,690 [Worker-38] WARN  o.e.m.c.i.embedder.EclipseLogger - Using platform encoding (UTF-8 actually) to copy filtered resources, i.e. build is platform dependent!
2016-06-05 17:46:52,690 [Worker-38] INFO  o.e.m.c.i.embedder.EclipseLogger - skip non existing resourceDirectory /home/gersonsales/github/leda/LEDA/roteiros/roteiro(4)/Roteiro-Revisao-JUnit-environment/src/test/resources
2016-06-05 17:47:05,284 [Worker-36] WARN  o.e.m.c.i.embedder.EclipseLogger - Using platform encoding (UTF-8 actually) to copy filtered resources, i.e. build is platform dependent!
2016-06-05 17:47:05,284 [Worker-36] INFO  o.e.m.c.i.embedder.EclipseLogger - skip non existing resourceDirectory /home/gersonsales/github/leda/LEDA/roteiros/roteiro(4)/Roteiro-Revisao-JUnit-environment/src/main/resources
2016-06-05 17:47:05,285 [Worker-36] WARN  o.e.m.c.i.embedder.EclipseLogger - Using platform encoding (UTF-8 actually) to copy filtered resources, i.e. build is platform dependent!
2016-06-05 17:47:05,285 [Worker-36] INFO  o.e.m.c.i.embedder.EclipseLogger - skip non existing resourceDirectory /home/gersonsales/github/leda/LEDA/roteiros/roteiro(4)/Roteiro-Revisao-JUnit-environment/src/test/resources
2016-06-05 17:47:19,142 [Worker-29] WARN  o.e.m.c.i.embedder.EclipseLogger - Using platform encoding (UTF-8 actually) to copy filtered resources, i.e. build is platform dependent!
2016-06-05 17:47:19,142 [Worker-29] INFO  o.e.m.c.i.embedder.EclipseLogger - skip non existing resourceDirectory /home/gersonsales/github/leda/LEDA/roteiros/roteiro(4)/Roteiro-Revisao-JUnit-environment/src/main/resources
2016-06-05 17:47:19,143 [Worker-29] WARN  o.e.m.c.i.embedder.EclipseLogger - Using platform encoding (UTF-8 actually) to copy filtered resources, i.e. build is platform dependent!
2016-06-05 17:47:19,143 [Worker-29] INFO  o.e.m.c.i.embedder.EclipseLogger - skip non existing resourceDirectory /home/gersonsales/github/leda/LEDA/roteiros/roteiro(4)/Roteiro-Revisao-JUnit-environment/src/test/resources
2016-06-05 17:47:28,322 [Worker-26] WARN  o.e.m.c.i.embedder.EclipseLogger - Using platform encoding (UTF-8 actually) to copy filtered resources, i.e. build is platform dependent!
2016-06-05 17:47:28,323 [Worker-26] INFO  o.e.m.c.i.embedder.EclipseLogger - skip non existing resourceDirectory /home/gersonsales/github/leda/LEDA/roteiros/roteiro(4)/Roteiro-Revisao-JUnit-environment/src/main/resources
2016-06-05 17:47:28,325 [Worker-26] WARN  o.e.m.c.i.embedder.EclipseLogger - Using platform encoding (UTF-8 actually) to copy filtered resources, i.e. build is platform dependent!
2016-06-05 17:47:28,325 [Worker-26] INFO  o.e.m.c.i.embedder.EclipseLogger - skip non existing resourceDirectory /home/gersonsales/github/leda/LEDA/roteiros/roteiro(4)/Roteiro-Revisao-JUnit-environment/src/test/resources
2016-06-05 17:49:29,289 [Worker-26] WARN  o.e.m.c.i.embedder.EclipseLogger - Using platform encoding (UTF-8 actually) to copy filtered resources, i.e. build is platform dependent!
2016-06-05 17:49:29,289 [Worker-26] INFO  o.e.m.c.i.embedder.EclipseLogger - skip non existing resourceDirectory /home/gersonsales/github/leda/LEDA/roteiros/roteiro(4)/Roteiro-Revisao-JUnit-environment/src/main/resources
2016-06-05 17:49:29,290 [Worker-26] WARN  o.e.m.c.i.embedder.EclipseLogger - Using platform encoding (UTF-8 actually) to copy filtered resources, i.e. build is platform dependent!
2016-06-05 17:49:29,290 [Worker-26] INFO  o.e.m.c.i.embedder.EclipseLogger - skip non existing resourceDirectory /home/gersonsales/github/leda/LEDA/roteiros/roteiro(4)/Roteiro-Revisao-JUnit-environment/src/test/resources
2016-06-05 17:49:34,760 [Worker-36] WARN  o.e.m.c.i.embedder.EclipseLogger - Using platform encoding (UTF-8 actually) to copy filtered resources, i.e. build is platform dependent!
2016-06-05 17:49:34,761 [Worker-36] INFO  o.e.m.c.i.embedder.EclipseLogger - skip non existing resourceDirectory /home/gersonsales/github/leda/LEDA/roteiros/roteiro(4)/Roteiro-Revisao-JUnit-environment/src/main/resources
2016-06-05 17:49:34,763 [Worker-36] WARN  o.e.m.c.i.embedder.EclipseLogger - Using platform encoding (UTF-8 actually) to copy filtered resources, i.e. build is platform dependent!
2016-06-05 17:49:34,764 [Worker-36] INFO  o.e.m.c.i.embedder.EclipseLogger - skip non existing resourceDirectory /home/gersonsales/github/leda/LEDA/roteiros/roteiro(4)/Roteiro-Revisao-JUnit-environment/src/test/resources
2016-06-05 17:49:41,535 [Worker-38] WARN  o.e.m.c.i.embedder.EclipseLogger - Using platform encoding (UTF-8 actually) to copy filtered resources, i.e. build is platform dependent!
2016-06-05 17:49:41,535 [Worker-38] INFO  o.e.m.c.i.embedder.EclipseLogger - skip non existing resourceDirectory /home/gersonsales/github/leda/LEDA/roteiros/roteiro(4)/Roteiro-Revisao-JUnit-environment/src/main/resources
2016-06-05 17:49:41,537 [Worker-38] WARN  o.e.m.c.i.embedder.EclipseLogger - Using platform encoding (UTF-8 actually) to copy filtered resources, i.e. build is platform dependent!
2016-06-05 17:49:41,537 [Worker-38] INFO  o.e.m.c.i.embedder.EclipseLogger - skip non existing resourceDirectory /home/gersonsales/github/leda/LEDA/roteiros/roteiro(4)/Roteiro-Revisao-JUnit-environment/src/test/resources
2016-06-05 17:52:48,186 [Worker-26] WARN  o.e.m.c.i.embedder.EclipseLogger - Using platform encoding (UTF-8 actually) to copy filtered resources, i.e. build is platform dependent!
2016-06-05 17:52:48,188 [Worker-26] INFO  o.e.m.c.i.embedder.EclipseLogger - skip non existing resourceDirectory /home/gersonsales/github/leda/LEDA/roteiros/roteiro(4)/Roteiro-Revisao-JUnit-environment/src/main/resources
2016-06-05 17:52:48,189 [Worker-26] WARN  o.e.m.c.i.embedder.EclipseLogger - Using platform encoding (UTF-8 actually) to copy filtered resources, i.e. build is platform dependent!
2016-06-05 17:52:48,189 [Worker-26] INFO  o.e.m.c.i.embedder.EclipseLogger - skip non existing resourceDirectory /home/gersonsales/github/leda/LEDA/roteiros/roteiro(4)/Roteiro-Revisao-JUnit-environment/src/test/resources
2016-06-05 17:53:31,609 [Worker-26] WARN  o.e.m.c.i.embedder.EclipseLogger - Using platform encoding (UTF-8 actually) to copy filtered resources, i.e. build is platform dependent!
2016-06-05 17:53:31,609 [Worker-26] INFO  o.e.m.c.i.embedder.EclipseLogger - skip non existing resourceDirectory /home/gersonsales/github/leda/LEDA/roteiros/roteiro(4)/Roteiro-Revisao-JUnit-environment/src/main/resources
2016-06-05 17:53:31,611 [Worker-26] WARN  o.e.m.c.i.embedder.EclipseLogger - Using platform encoding (UTF-8 actually) to copy filtered resources, i.e. build is platform dependent!
2016-06-05 17:53:31,612 [Worker-26] INFO  o.e.m.c.i.embedder.EclipseLogger - skip non existing resourceDirectory /home/gersonsales/github/leda/LEDA/roteiros/roteiro(4)/Roteiro-Revisao-JUnit-environment/src/test/resources
2016-06-05 17:54:09,689 [Worker-37] WARN  o.e.m.c.i.embedder.EclipseLogger - Using platform encoding (UTF-8 actually) to copy filtered resources, i.e. build is platform dependent!
2016-06-05 17:54:09,696 [Worker-37] INFO  o.e.m.c.i.embedder.EclipseLogger - skip non existing resourceDirectory /home/gersonsales/github/leda/LEDA/roteiros/roteiro(4)/Roteiro-Revisao-JUnit-environment/src/main/resources
2016-06-05 17:54:09,697 [Worker-37] WARN  o.e.m.c.i.embedder.EclipseLogger - Using platform encoding (UTF-8 actually) to copy filtered resources, i.e. build is platform dependent!
2016-06-05 17:54:09,698 [Worker-37] INFO  o.e.m.c.i.embedder.EclipseLogger - skip non existing resourceDirectory /home/gersonsales/github/leda/LEDA/roteiros/roteiro(4)/Roteiro-Revisao-JUnit-environment/src/test/resources
2016-06-05 17:56:45,374 [Worker-36] WARN  o.e.m.c.i.embedder.EclipseLogger - Using platform encoding (UTF-8 actually) to copy filtered resources, i.e. build is platform dependent!
2016-06-05 17:56:45,374 [Worker-36] INFO  o.e.m.c.i.embedder.EclipseLogger - skip non existing resourceDirectory /home/gersonsales/github/leda/LEDA/roteiros/roteiro(4)/Roteiro-Revisao-JUnit-environment/src/main/resources
2016-06-05 17:56:45,375 [Worker-36] WARN  o.e.m.c.i.embedder.EclipseLogger - Using platform encoding (UTF-8 actually) to copy filtered resources, i.e. build is platform dependent!
2016-06-05 17:56:45,376 [Worker-36] INFO  o.e.m.c.i.embedder.EclipseLogger - skip non existing resourceDirectory /home/gersonsales/github/leda/LEDA/roteiros/roteiro(4)/Roteiro-Revisao-JUnit-environment/src/test/resources
2016-06-05 17:59:42,033 [Worker-36] WARN  o.e.m.c.i.embedder.EclipseLogger - Using platform encoding (UTF-8 actually) to copy filtered resources, i.e. build is platform dependent!
2016-06-05 17:59:42,034 [Worker-36] INFO  o.e.m.c.i.embedder.EclipseLogger - skip non existing resourceDirectory /home/gersonsales/github/leda/LEDA/roteiros/roteiro(4)/Roteiro-Revisao-JUnit-environment/src/main/resources
2016-06-05 17:59:42,035 [Worker-36] WARN  o.e.m.c.i.embedder.EclipseLogger - Using platform encoding (UTF-8 actually) to copy filtered resources, i.e. build is platform dependent!
2016-06-05 17:59:42,035 [Worker-36] INFO  o.e.m.c.i.embedder.EclipseLogger - skip non existing resourceDirectory /home/gersonsales/github/leda/LEDA/roteiros/roteiro(4)/Roteiro-Revisao-JUnit-environment/src/test/resources
2016-06-05 18:10:12,955 [Worker-36] WARN  o.e.m.c.i.embedder.EclipseLogger - Using platform encoding (UTF-8 actually) to copy filtered resources, i.e. build is platform dependent!
2016-06-05 18:10:12,956 [Worker-36] INFO  o.e.m.c.i.embedder.EclipseLogger - skip non existing resourceDirectory /home/gersonsales/github/leda/LEDA/roteiros/roteiro(4)/Roteiro-Revisao-JUnit-environment/src/main/resources
2016-06-05 18:10:12,957 [Worker-36] WARN  o.e.m.c.i.embedder.EclipseLogger - Using platform encoding (UTF-8 actually) to copy filtered resources, i.e. build is platform dependent!
2016-06-05 18:10:12,958 [Worker-36] INFO  o.e.m.c.i.embedder.EclipseLogger - skip non existing resourceDirectory /home/gersonsales/github/leda/LEDA/roteiros/roteiro(4)/Roteiro-Revisao-JUnit-environment/src/test/resources
2016-06-05 18:11:10,290 [Worker-36] WARN  o.e.m.c.i.embedder.EclipseLogger - Using platform encoding (UTF-8 actually) to copy filtered resources, i.e. build is platform dependent!
2016-06-05 18:11:10,291 [Worker-36] INFO  o.e.m.c.i.embedder.EclipseLogger - skip non existing resourceDirectory /home/gersonsales/github/leda/LEDA/roteiros/roteiro(4)/Roteiro-Revisao-JUnit-environment/src/main/resources
2016-06-05 18:11:10,293 [Worker-36] WARN  o.e.m.c.i.embedder.EclipseLogger - Using platform encoding (UTF-8 actually) to copy filtered resources, i.e. build is platform dependent!
2016-06-05 18:11:10,293 [Worker-36] INFO  o.e.m.c.i.embedder.EclipseLogger - skip non existing resourceDirectory /home/gersonsales/github/leda/LEDA/roteiros/roteiro(4)/Roteiro-Revisao-JUnit-environment/src/test/resources
2016-06-05 18:11:22,224 [Worker-45] WARN  o.e.m.c.i.embedder.EclipseLogger - Using platform encoding (UTF-8 actually) to copy filtered resources, i.e. build is platform dependent!
2016-06-05 18:11:22,225 [Worker-45] INFO  o.e.m.c.i.embedder.EclipseLogger - skip non existing resourceDirectory /home/gersonsales/github/leda/LEDA/roteiros/roteiro(4)/Roteiro-Revisao-JUnit-environment/src/main/resources
2016-06-05 18:11:22,225 [Worker-45] WARN  o.e.m.c.i.embedder.EclipseLogger - Using platform encoding (UTF-8 actually) to copy filtered resources, i.e. build is platform dependent!
2016-06-05 18:11:22,226 [Worker-45] INFO  o.e.m.c.i.embedder.EclipseLogger - skip non existing resourceDirectory /home/gersonsales/github/leda/LEDA/roteiros/roteiro(4)/Roteiro-Revisao-JUnit-environment/src/test/resources
2016-06-05 18:11:37,746 [Worker-47] WARN  o.e.m.c.i.embedder.EclipseLogger - Using platform encoding (UTF-8 actually) to copy filtered resources, i.e. build is platform dependent!
2016-06-05 18:11:37,746 [Worker-47] INFO  o.e.m.c.i.embedder.EclipseLogger - skip non existing resourceDirectory /home/gersonsales/github/leda/LEDA/roteiros/roteiro(4)/Roteiro-Revisao-JUnit-environment/src/main/resources
2016-06-05 18:11:37,748 [Worker-47] WARN  o.e.m.c.i.embedder.EclipseLogger - Using platform encoding (UTF-8 actually) to copy filtered resources, i.e. build is platform dependent!
2016-06-05 18:11:37,749 [Worker-47] INFO  o.e.m.c.i.embedder.EclipseLogger - skip non existing resourceDirectory /home/gersonsales/github/leda/LEDA/roteiros/roteiro(4)/Roteiro-Revisao-JUnit-environment/src/test/resources
2016-06-05 18:11:50,856 [Worker-48] WARN  o.e.m.c.i.embedder.EclipseLogger - Using platform encoding (UTF-8 actually) to copy filtered resources, i.e. build is platform dependent!
2016-06-05 18:11:50,856 [Worker-48] INFO  o.e.m.c.i.embedder.EclipseLogger - skip non existing resourceDirectory /home/gersonsales/github/leda/LEDA/roteiros/roteiro(4)/Roteiro-Revisao-JUnit-environment/src/main/resources
2016-06-05 18:11:50,857 [Worker-48] WARN  o.e.m.c.i.embedder.EclipseLogger - Using platform encoding (UTF-8 actually) to copy filtered resources, i.e. build is platform dependent!
2016-06-05 18:11:50,857 [Worker-48] INFO  o.e.m.c.i.embedder.EclipseLogger - skip non existing resourceDirectory /home/gersonsales/github/leda/LEDA/roteiros/roteiro(4)/Roteiro-Revisao-JUnit-environment/src/test/resources
2016-06-05 18:15:15,126 [Worker-48] WARN  o.e.m.c.i.embedder.EclipseLogger - Using platform encoding (UTF-8 actually) to copy filtered resources, i.e. build is platform dependent!
2016-06-05 18:15:15,127 [Worker-48] INFO  o.e.m.c.i.embedder.EclipseLogger - skip non existing resourceDirectory /home/gersonsales/github/leda/LEDA/roteiros/roteiro(4)/Roteiro-Revisao-JUnit-environment/src/main/resources
2016-06-05 18:15:15,128 [Worker-48] WARN  o.e.m.c.i.embedder.EclipseLogger - Using platform encoding (UTF-8 actually) to copy filtered resources, i.e. build is platform dependent!
2016-06-05 18:15:15,128 [Worker-48] INFO  o.e.m.c.i.embedder.EclipseLogger - skip non existing resourceDirectory /home/gersonsales/github/leda/LEDA/roteiros/roteiro(4)/Roteiro-Revisao-JUnit-environment/src/test/resources
2016-06-05 18:15:29,605 [Worker-48] WARN  o.e.m.c.i.embedder.EclipseLogger - Using platform encoding (UTF-8 actually) to copy filtered resources, i.e. build is platform dependent!
2016-06-05 18:15:29,606 [Worker-48] INFO  o.e.m.c.i.embedder.EclipseLogger - skip non existing resourceDirectory /home/gersonsales/github/leda/LEDA/roteiros/roteiro(4)/Roteiro-Revisao-JUnit-environment/src/main/resources
2016-06-05 18:15:29,607 [Worker-48] WARN  o.e.m.c.i.embedder.EclipseLogger - Using platform encoding (UTF-8 actually) to copy filtered resources, i.e. build is platform dependent!
2016-06-05 18:15:29,608 [Worker-48] INFO  o.e.m.c.i.embedder.EclipseLogger - skip non existing resourceDirectory /home/gersonsales/github/leda/LEDA/roteiros/roteiro(4)/Roteiro-Revisao-JUnit-environment/src/test/resources
2016-06-05 18:16:38,146 [Worker-52] WARN  o.e.m.c.i.embedder.EclipseLogger - Using platform encoding (UTF-8 actually) to copy filtered resources, i.e. build is platform dependent!
2016-06-05 18:16:38,146 [Worker-52] INFO  o.e.m.c.i.embedder.EclipseLogger - skip non existing resourceDirectory /home/gersonsales/github/leda/LEDA/roteiros/roteiro(4)/Roteiro-Revisao-JUnit-environment/src/main/resources
2016-06-05 18:16:38,148 [Worker-52] WARN  o.e.m.c.i.embedder.EclipseLogger - Using platform encoding (UTF-8 actually) to copy filtered resources, i.e. build is platform dependent!
2016-06-05 18:16:38,148 [Worker-52] INFO  o.e.m.c.i.embedder.EclipseLogger - skip non existing resourceDirectory /home/gersonsales/github/leda/LEDA/roteiros/roteiro(4)/Roteiro-Revisao-JUnit-environment/src/test/resources
2016-06-05 18:28:12,772 [Worker-59] WARN  o.e.m.c.i.embedder.EclipseLogger - Using platform encoding (UTF-8 actually) to copy filtered resources, i.e. build is platform dependent!
2016-06-05 18:28:12,773 [Worker-59] INFO  o.e.m.c.i.embedder.EclipseLogger - skip non existing resourceDirectory /home/gersonsales/github/leda/LEDA/roteiros/roteiro(4)/Roteiro-Revisao-JUnit-environment/src/main/resources
2016-06-05 18:28:12,773 [Worker-59] WARN  o.e.m.c.i.embedder.EclipseLogger - Using platform encoding (UTF-8 actually) to copy filtered resources, i.e. build is platform dependent!
2016-06-05 18:28:12,774 [Worker-59] INFO  o.e.m.c.i.embedder.EclipseLogger - skip non existing resourceDirectory /home/gersonsales/github/leda/LEDA/roteiros/roteiro(4)/Roteiro-Revisao-JUnit-environment/src/test/resources
2016-06-05 18:51:06,294 [Worker-65] WARN  o.e.m.c.i.embedder.EclipseLogger - Using platform encoding (UTF-8 actually) to copy filtered resources, i.e. build is platform dependent!
2016-06-05 18:51:06,295 [Worker-65] INFO  o.e.m.c.i.embedder.EclipseLogger - skip non existing resourceDirectory /home/gersonsales/github/leda/LEDA/roteiros/roteiro(4)/Roteiro-Revisao-JUnit-environment/src/main/resources
2016-06-05 18:51:06,296 [Worker-65] WARN  o.e.m.c.i.embedder.EclipseLogger - Using platform encoding (UTF-8 actually) to copy filtered resources, i.e. build is platform dependent!
2016-06-05 18:51:06,296 [Worker-65] INFO  o.e.m.c.i.embedder.EclipseLogger - skip non existing resourceDirectory /home/gersonsales/github/leda/LEDA/roteiros/roteiro(4)/Roteiro-Revisao-JUnit-environment/src/test/resources
2016-06-05 18:53:37,543 [Worker-62] WARN  o.e.m.c.i.embedder.EclipseLogger - Using platform encoding (UTF-8 actually) to copy filtered resources, i.e. build is platform dependent!
2016-06-05 18:53:37,543 [Worker-62] INFO  o.e.m.c.i.embedder.EclipseLogger - skip non existing resourceDirectory /home/gersonsales/github/leda/LEDA/roteiros/roteiro(4)/Roteiro-Revisao-JUnit-environment/src/main/resources
2016-06-05 18:53:37,544 [Worker-62] WARN  o.e.m.c.i.embedder.EclipseLogger - Using platform encoding (UTF-8 actually) to copy filtered resources, i.e. build is platform dependent!
2016-06-05 18:53:37,545 [Worker-62] INFO  o.e.m.c.i.embedder.EclipseLogger - skip non existing resourceDirectory /home/gersonsales/github/leda/LEDA/roteiros/roteiro(4)/Roteiro-Revisao-JUnit-environment/src/test/resources
2016-06-05 18:53:47,639 [Worker-57] WARN  o.e.m.c.i.embedder.EclipseLogger - Using platform encoding (UTF-8 actually) to copy filtered resources, i.e. build is platform dependent!
2016-06-05 18:53:47,640 [Worker-57] INFO  o.e.m.c.i.embedder.EclipseLogger - skip non existing resourceDirectory /home/gersonsales/github/leda/LEDA/roteiros/roteiro(4)/Roteiro-Revisao-JUnit-environment/src/main/resources
2016-06-05 18:53:47,642 [Worker-57] WARN  o.e.m.c.i.embedder.EclipseLogger - Using platform encoding (UTF-8 actually) to copy filtered resources, i.e. build is platform dependent!
2016-06-05 18:53:47,642 [Worker-57] INFO  o.e.m.c.i.embedder.EclipseLogger - skip non existing resourceDirectory /home/gersonsales/github/leda/LEDA/roteiros/roteiro(4)/Roteiro-Revisao-JUnit-environment/src/test/resources
2016-06-05 18:53:52,693 [Worker-62] WARN  o.e.m.c.i.embedder.EclipseLogger - Using platform encoding (UTF-8 actually) to copy filtered resources, i.e. build is platform dependent!
2016-06-05 18:53:52,694 [Worker-62] INFO  o.e.m.c.i.embedder.EclipseLogger - skip non existing resourceDirectory /home/gersonsales/github/leda/LEDA/roteiros/roteiro(4)/Roteiro-Revisao-JUnit-environment/src/main/resources
2016-06-05 18:53:52,695 [Worker-62] WARN  o.e.m.c.i.embedder.EclipseLogger - Using platform encoding (UTF-8 actually) to copy filtered resources, i.e. build is platform dependent!
2016-06-05 18:53:52,695 [Worker-62] INFO  o.e.m.c.i.embedder.EclipseLogger - skip non existing resourceDirectory /home/gersonsales/github/leda/LEDA/roteiros/roteiro(4)/Roteiro-Revisao-JUnit-environment/src/test/resources
2016-06-05 18:54:16,491 [Worker-63] WARN  o.e.m.c.i.embedder.EclipseLogger - Using platform encoding (UTF-8 actually) to copy filtered resources, i.e. build is platform dependent!
2016-06-05 18:54:16,492 [Worker-63] INFO  o.e.m.c.i.embedder.EclipseLogger - skip non existing resourceDirectory /home/gersonsales/github/leda/LEDA/roteiros/roteiro(4)/Roteiro-Revisao-JUnit-environment/src/main/resources
2016-06-05 18:54:16,494 [Worker-63] WARN  o.e.m.c.i.embedder.EclipseLogger - Using platform encoding (UTF-8 actually) to copy filtered resources, i.e. build is platform dependent!
2016-06-05 18:54:16,494 [Worker-63] INFO  o.e.m.c.i.embedder.EclipseLogger - skip non existing resourceDirectory /home/gersonsales/github/leda/LEDA/roteiros/roteiro(4)/Roteiro-Revisao-JUnit-environment/src/test/resources
2016-06-05 18:55:28,860 [Worker-66] WARN  o.e.m.c.i.embedder.EclipseLogger - Using platform encoding (UTF-8 actually) to copy filtered resources, i.e. build is platform dependent!
2016-06-05 18:55:28,861 [Worker-66] INFO  o.e.m.c.i.embedder.EclipseLogger - skip non existing resourceDirectory /home/gersonsales/github/leda/LEDA/roteiros/roteiro(4)/Roteiro-Revisao-JUnit-environment/src/main/resources
2016-06-05 18:55:28,862 [Worker-66] WARN  o.e.m.c.i.embedder.EclipseLogger - Using platform encoding (UTF-8 actually) to copy filtered resources, i.e. build is platform dependent!
2016-06-05 18:55:28,862 [Worker-66] INFO  o.e.m.c.i.embedder.EclipseLogger - skip non existing resourceDirectory /home/gersonsales/github/leda/LEDA/roteiros/roteiro(4)/Roteiro-Revisao-JUnit-environment/src/test/resources
2016-06-05 18:55:58,238 [Worker-57] WARN  o.e.m.c.i.embedder.EclipseLogger - Using platform encoding (UTF-8 actually) to copy filtered resources, i.e. build is platform dependent!
2016-06-05 18:55:58,238 [Worker-57] INFO  o.e.m.c.i.embedder.EclipseLogger - skip non existing resourceDirectory /home/gersonsales/github/leda/LEDA/roteiros/roteiro(4)/Roteiro-Revisao-JUnit-environment/src/main/resources
2016-06-05 18:55:58,239 [Worker-57] WARN  o.e.m.c.i.embedder.EclipseLogger - Using platform encoding (UTF-8 actually) to copy filtered resources, i.e. build is platform dependent!
2016-06-05 18:55:58,240 [Worker-57] INFO  o.e.m.c.i.embedder.EclipseLogger - skip non existing resourceDirectory /home/gersonsales/github/leda/LEDA/roteiros/roteiro(4)/Roteiro-Revisao-JUnit-environment/src/test/resources
2016-06-05 18:56:23,666 [Worker-65] WARN  o.e.m.c.i.embedder.EclipseLogger - Using platform encoding (UTF-8 actually) to copy filtered resources, i.e. build is platform dependent!
2016-06-05 18:56:23,667 [Worker-65] INFO  o.e.m.c.i.embedder.EclipseLogger - skip non existing resourceDirectory /home/gersonsales/github/leda/LEDA/roteiros/roteiro(4)/Roteiro-Revisao-JUnit-environment/src/main/resources
2016-06-05 18:56:23,671 [Worker-65] WARN  o.e.m.c.i.embedder.EclipseLogger - Using platform encoding (UTF-8 actually) to copy filtered resources, i.e. build is platform dependent!
2016-06-05 18:56:23,672 [Worker-65] INFO  o.e.m.c.i.embedder.EclipseLogger - skip non existing resourceDirectory /home/gersonsales/github/leda/LEDA/roteiros/roteiro(4)/Roteiro-Revisao-JUnit-environment/src/test/resources
2016-06-05 18:57:03,219 [Worker-68] WARN  o.e.m.c.i.embedder.EclipseLogger - Using platform encoding (UTF-8 actually) to copy filtered resources, i.e. build is platform dependent!
2016-06-05 18:57:03,219 [Worker-68] INFO  o.e.m.c.i.embedder.EclipseLogger - skip non existing resourceDirectory /home/gersonsales/github/leda/LEDA/roteiros/roteiro(4)/Roteiro-Revisao-JUnit-environment/src/main/resources
2016-06-05 18:57:03,221 [Worker-68] WARN  o.e.m.c.i.embedder.EclipseLogger - Using platform encoding (UTF-8 actually) to copy filtered resources, i.e. build is platform dependent!
2016-06-05 18:57:03,221 [Worker-68] INFO  o.e.m.c.i.embedder.EclipseLogger - skip non existing resourceDirectory /home/gersonsales/github/leda/LEDA/roteiros/roteiro(4)/Roteiro-Revisao-JUnit-environment/src/test/resources
2016-06-05 18:57:20,133 [Worker-63] WARN  o.e.m.c.i.embedder.EclipseLogger - Using platform encoding (UTF-8 actually) to copy filtered resources, i.e. build is platform dependent!
2016-06-05 18:57:20,138 [Worker-63] INFO  o.e.m.c.i.embedder.EclipseLogger - skip non existing resourceDirectory /home/gersonsales/github/leda/LEDA/roteiros/roteiro(4)/Roteiro-Revisao-JUnit-environment/src/main/resources
2016-06-05 18:57:20,140 [Worker-63] WARN  o.e.m.c.i.embedder.EclipseLogger - Using platform encoding (UTF-8 actually) to copy filtered resources, i.e. build is platform dependent!
2016-06-05 18:57:20,140 [Worker-63] INFO  o.e.m.c.i.embedder.EclipseLogger - skip non existing resourceDirectory /home/gersonsales/github/leda/LEDA/roteiros/roteiro(4)/Roteiro-Revisao-JUnit-environment/src/test/resources
2016-06-05 19:00:13,082 [Worker-69] WARN  o.e.m.c.i.embedder.EclipseLogger - Using platform encoding (UTF-8 actually) to copy filtered resources, i.e. build is platform dependent!
2016-06-05 19:00:13,083 [Worker-69] INFO  o.e.m.c.i.embedder.EclipseLogger - skip non existing resourceDirectory /home/gersonsales/github/leda/LEDA/roteiros/roteiro(4)/Roteiro-Revisao-JUnit-environment/src/main/resources
2016-06-05 19:00:13,084 [Worker-69] WARN  o.e.m.c.i.embedder.EclipseLogger - Using platform encoding (UTF-8 actually) to copy filtered resources, i.e. build is platform dependent!
2016-06-05 19:00:13,084 [Worker-69] INFO  o.e.m.c.i.embedder.EclipseLogger - skip non existing resourceDirectory /home/gersonsales/github/leda/LEDA/roteiros/roteiro(4)/Roteiro-Revisao-JUnit-environment/src/test/resources
2016-06-05 19:00:17,539 [Worker-67] WARN  o.e.m.c.i.embedder.EclipseLogger - Using platform encoding (UTF-8 actually) to copy filtered resources, i.e. build is platform dependent!
2016-06-05 19:00:17,539 [Worker-67] INFO  o.e.m.c.i.embedder.EclipseLogger - skip non existing resourceDirectory /home/gersonsales/github/leda/LEDA/roteiros/roteiro(4)/Roteiro-Revisao-JUnit-environment/src/main/resources
2016-06-05 19:00:17,540 [Worker-67] WARN  o.e.m.c.i.embedder.EclipseLogger - Using platform encoding (UTF-8 actually) to copy filtered resources, i.e. build is platform dependent!
2016-06-05 19:00:17,541 [Worker-67] INFO  o.e.m.c.i.embedder.EclipseLogger - skip non existing resourceDirectory /home/gersonsales/github/leda/LEDA/roteiros/roteiro(4)/Roteiro-Revisao-JUnit-environment/src/test/resources
2016-06-05 19:00:41,229 [Worker-67] WARN  o.e.m.c.i.embedder.EclipseLogger - Using platform encoding (UTF-8 actually) to copy filtered resources, i.e. build is platform dependent!
2016-06-05 19:00:41,230 [Worker-67] INFO  o.e.m.c.i.embedder.EclipseLogger - skip non existing resourceDirectory /home/gersonsales/github/leda/LEDA/roteiros/roteiro(4)/Roteiro-Revisao-JUnit-environment/src/main/resources
2016-06-05 19:00:41,231 [Worker-67] WARN  o.e.m.c.i.embedder.EclipseLogger - Using platform encoding (UTF-8 actually) to copy filtered resources, i.e. build is platform dependent!
2016-06-05 19:00:41,231 [Worker-67] INFO  o.e.m.c.i.embedder.EclipseLogger - skip non existing resourceDirectory /home/gersonsales/github/leda/LEDA/roteiros/roteiro(4)/Roteiro-Revisao-JUnit-environment/src/test/resources
2016-06-05 19:00:59,793 [Worker-68] WARN  o.e.m.c.i.embedder.EclipseLogger - Using platform encoding (UTF-8 actually) to copy filtered resources, i.e. build is platform dependent!
2016-06-05 19:00:59,794 [Worker-68] INFO  o.e.m.c.i.embedder.EclipseLogger - skip non existing resourceDirectory /home/gersonsales/github/leda/LEDA/roteiros/roteiro(4)/Roteiro-Revisao-JUnit-environment/src/main/resources
2016-06-05 19:00:59,794 [Worker-68] WARN  o.e.m.c.i.embedder.EclipseLogger - Using platform encoding (UTF-8 actually) to copy filtered resources, i.e. build is platform dependent!
2016-06-05 19:00:59,795 [Worker-68] INFO  o.e.m.c.i.embedder.EclipseLogger - skip non existing resourceDirectory /home/gersonsales/github/leda/LEDA/roteiros/roteiro(4)/Roteiro-Revisao-JUnit-environment/src/test/resources
2016-06-05 19:01:36,972 [Worker-69] WARN  o.e.m.c.i.embedder.EclipseLogger - Using platform encoding (UTF-8 actually) to copy filtered resources, i.e. build is platform dependent!
2016-06-05 19:01:36,972 [Worker-69] INFO  o.e.m.c.i.embedder.EclipseLogger - skip non existing resourceDirectory /home/gersonsales/github/leda/LEDA/roteiros/roteiro(4)/Roteiro-Revisao-JUnit-environment/src/main/resources
2016-06-05 19:01:36,973 [Worker-69] WARN  o.e.m.c.i.embedder.EclipseLogger - Using platform encoding (UTF-8 actually) to copy filtered resources, i.e. build is platform dependent!
2016-06-05 19:01:36,974 [Worker-69] INFO  o.e.m.c.i.embedder.EclipseLogger - skip non existing resourceDirectory /home/gersonsales/github/leda/LEDA/roteiros/roteiro(4)/Roteiro-Revisao-JUnit-environment/src/test/resources
2016-06-05 19:02:19,108 [Worker-62] WARN  o.e.m.c.i.embedder.EclipseLogger - Using platform encoding (UTF-8 actually) to copy filtered resources, i.e. build is platform dependent!
2016-06-05 19:02:19,108 [Worker-62] INFO  o.e.m.c.i.embedder.EclipseLogger - skip non existing resourceDirectory /home/gersonsales/github/leda/LEDA/roteiros/roteiro(4)/Roteiro-Revisao-JUnit-environment/src/main/resources
2016-06-05 19:02:19,110 [Worker-62] WARN  o.e.m.c.i.embedder.EclipseLogger - Using platform encoding (UTF-8 actually) to copy filtered resources, i.e. build is platform dependent!
2016-06-05 19:02:19,110 [Worker-62] INFO  o.e.m.c.i.embedder.EclipseLogger - skip non existing resourceDirectory /home/gersonsales/github/leda/LEDA/roteiros/roteiro(4)/Roteiro-Revisao-JUnit-environment/src/test/resources
2016-06-05 19:02:51,182 [Worker-70] WARN  o.e.m.c.i.embedder.EclipseLogger - Using platform encoding (UTF-8 actually) to copy filtered resources, i.e. build is platform dependent!
2016-06-05 19:02:51,183 [Worker-70] INFO  o.e.m.c.i.embedder.EclipseLogger - skip non existing resourceDirectory /home/gersonsales/github/leda/LEDA/roteiros/roteiro(4)/Roteiro-Revisao-JUnit-environment/src/main/resources
2016-06-05 19:02:51,184 [Worker-70] WARN  o.e.m.c.i.embedder.EclipseLogger - Using platform encoding (UTF-8 actually) to copy filtered resources, i.e. build is platform dependent!
2016-06-05 19:02:51,184 [Worker-70] INFO  o.e.m.c.i.embedder.EclipseLogger - skip non existing resourceDirectory /home/gersonsales/github/leda/LEDA/roteiros/roteiro(4)/Roteiro-Revisao-JUnit-environment/src/test/resources
2016-06-05 19:03:10,557 [Worker-70] WARN  o.e.m.c.i.embedder.EclipseLogger - Using platform encoding (UTF-8 actually) to copy filtered resources, i.e. build is platform dependent!
2016-06-05 19:03:10,557 [Worker-70] INFO  o.e.m.c.i.embedder.EclipseLogger - skip non existing resourceDirectory /home/gersonsales/github/leda/LEDA/roteiros/roteiro(4)/Roteiro-Revisao-JUnit-environment/src/main/resources
2016-06-05 19:03:10,558 [Worker-70] WARN  o.e.m.c.i.embedder.EclipseLogger - Using platform encoding (UTF-8 actually) to copy filtered resources, i.e. build is platform dependent!
2016-06-05 19:03:10,559 [Worker-70] INFO  o.e.m.c.i.embedder.EclipseLogger - skip non existing resourceDirectory /home/gersonsales/github/leda/LEDA/roteiros/roteiro(4)/Roteiro-Revisao-JUnit-environment/src/test/resources
2016-06-05 19:04:11,037 [Worker-67] WARN  o.e.m.c.i.embedder.EclipseLogger - Using platform encoding (UTF-8 actually) to copy filtered resources, i.e. build is platform dependent!
2016-06-05 19:04:11,037 [Worker-67] INFO  o.e.m.c.i.embedder.EclipseLogger - skip non existing resourceDirectory /home/gersonsales/github/leda/LEDA/roteiros/roteiro(4)/Roteiro-Revisao-JUnit-environment/src/main/resources
2016-06-05 19:04:11,038 [Worker-67] WARN  o.e.m.c.i.embedder.EclipseLogger - Using platform encoding (UTF-8 actually) to copy filtered resources, i.e. build is platform dependent!
2016-06-05 19:04:11,038 [Worker-67] INFO  o.e.m.c.i.embedder.EclipseLogger - skip non existing resourceDirectory /home/gersonsales/github/leda/LEDA/roteiros/roteiro(4)/Roteiro-Revisao-JUnit-environment/src/test/resources
2016-06-05 19:05:01,148 [Worker-68] WARN  o.e.m.c.i.embedder.EclipseLogger - Using platform encoding (UTF-8 actually) to copy filtered resources, i.e. build is platform dependent!
2016-06-05 19:05:01,148 [Worker-68] INFO  o.e.m.c.i.embedder.EclipseLogger - skip non existing resourceDirectory /home/gersonsales/github/leda/LEDA/roteiros/roteiro(4)/Roteiro-Revisao-JUnit-environment/src/main/resources
2016-06-05 19:05:01,149 [Worker-68] WARN  o.e.m.c.i.embedder.EclipseLogger - Using platform encoding (UTF-8 actually) to copy filtered resources, i.e. build is platform dependent!
2016-06-05 19:05:01,150 [Worker-68] INFO  o.e.m.c.i.embedder.EclipseLogger - skip non existing resourceDirectory /home/gersonsales/github/leda/LEDA/roteiros/roteiro(4)/Roteiro-Revisao-JUnit-environment/src/test/resources
2016-06-05 19:06:45,015 [Worker-67] WARN  o.e.m.c.i.embedder.EclipseLogger - Using platform encoding (UTF-8 actually) to copy filtered resources, i.e. build is platform dependent!
2016-06-05 19:06:45,016 [Worker-67] INFO  o.e.m.c.i.embedder.EclipseLogger - skip non existing resourceDirectory /home/gersonsales/github/leda/LEDA/roteiros/roteiro(4)/Roteiro-Revisao-JUnit-environment/src/main/resources
2016-06-05 19:06:45,017 [Worker-67] WARN  o.e.m.c.i.embedder.EclipseLogger - Using platform encoding (UTF-8 actually) to copy filtered resources, i.e. build is platform dependent!
2016-06-05 19:06:45,017 [Worker-67] INFO  o.e.m.c.i.embedder.EclipseLogger - skip non existing resourceDirectory /home/gersonsales/github/leda/LEDA/roteiros/roteiro(4)/Roteiro-Revisao-JUnit-environment/src/test/resources
2016-06-05 19:06:53,846 [Worker-70] WARN  o.e.m.c.i.embedder.EclipseLogger - Using platform encoding (UTF-8 actually) to copy filtered resources, i.e. build is platform dependent!
2016-06-05 19:06:53,846 [Worker-70] INFO  o.e.m.c.i.embedder.EclipseLogger - skip non existing resourceDirectory /home/gersonsales/github/leda/LEDA/roteiros/roteiro(4)/Roteiro-Revisao-JUnit-environment/src/main/resources
2016-06-05 19:06:53,847 [Worker-70] WARN  o.e.m.c.i.embedder.EclipseLogger - Using platform encoding (UTF-8 actually) to copy filtered resources, i.e. build is platform dependent!
2016-06-05 19:06:53,848 [Worker-70] INFO  o.e.m.c.i.embedder.EclipseLogger - skip non existing resourceDirectory /home/gersonsales/github/leda/LEDA/roteiros/roteiro(4)/Roteiro-Revisao-JUnit-environment/src/test/resources
2016-06-05 19:12:05,729 [main] INFO  c.g.t.t.d.PublishedGradleVersions - Gradle version information cache file is out-of-date. Remote download required.
2016-06-05 19:13:51,982 [Worker-78] INFO  o.e.m.c.i.e.AbstractTransferListenerAdapter - Downloading https://repo.maven.apache.org/maven2/junit/junit/4.12/junit-4.12-sources.jar
2016-06-05 19:13:52,763 [Worker-78] INFO  o.e.m.c.i.e.AbstractTransferListenerAdapter - Downloaded https://repo.maven.apache.org/maven2/junit/junit/4.12/junit-4.12-sources.jar
2016-06-05 19:13:53,054 [Worker-78] INFO  o.e.m.j.internal.DownloadSourcesJob - Downloaded sources for junit:junit:4.12
2016-06-05 19:13:53,342 [Worker-68] WARN  o.e.m.c.i.embedder.EclipseLogger - Using platform encoding (UTF-8 actually) to copy filtered resources, i.e. build is platform dependent!
2016-06-05 19:13:53,342 [Worker-68] INFO  o.e.m.c.i.embedder.EclipseLogger - skip non existing resourceDirectory /home/gersonsales/github/leda/LEDA/roteiros/roteiro(4)/Roteiro-Revisao-JUnit-environment/src/main/resources
2016-06-05 19:13:53,344 [Worker-68] WARN  o.e.m.c.i.embedder.EclipseLogger - Using platform encoding (UTF-8 actually) to copy filtered resources, i.e. build is platform dependent!
2016-06-05 19:13:53,344 [Worker-68] INFO  o.e.m.c.i.embedder.EclipseLogger - skip non existing resourceDirectory /home/gersonsales/github/leda/LEDA/roteiros/roteiro(4)/Roteiro-Revisao-JUnit-environment/src/test/resources
2016-06-05 19:15:06,579 [Worker-68] WARN  o.e.m.c.i.embedder.EclipseLogger - Using platform encoding (UTF-8 actually) to copy filtered resources, i.e. build is platform dependent!
2016-06-05 19:15:06,580 [Worker-68] INFO  o.e.m.c.i.embedder.EclipseLogger - skip non existing resourceDirectory /home/gersonsales/github/leda/LEDA/roteiros/roteiro(4)/Roteiro-Revisao-JUnit-environment/src/main/resources
2016-06-05 19:15:06,581 [Worker-68] WARN  o.e.m.c.i.embedder.EclipseLogger - Using platform encoding (UTF-8 actually) to copy filtered resources, i.e. build is platform dependent!
2016-06-05 19:15:06,581 [Worker-68] INFO  o.e.m.c.i.embedder.EclipseLogger - skip non existing resourceDirectory /home/gersonsales/github/leda/LEDA/roteiros/roteiro(4)/Roteiro-Revisao-JUnit-environment/src/test/resources
2016-06-05 19:15:13,810 [Worker-78] WARN  o.e.m.c.i.embedder.EclipseLogger - Using platform encoding (UTF-8 actually) to copy filtered resources, i.e. build is platform dependent!
2016-06-05 19:15:13,811 [Worker-78] INFO  o.e.m.c.i.embedder.EclipseLogger - skip non existing resourceDirectory /home/gersonsales/github/leda/LEDA/roteiros/roteiro(4)/Roteiro-Revisao-JUnit-environment/src/main/resources
2016-06-05 19:15:13,814 [Worker-78] WARN  o.e.m.c.i.embedder.EclipseLogger - Using platform encoding (UTF-8 actually) to copy filtered resources, i.e. build is platform dependent!
2016-06-05 19:15:13,815 [Worker-78] INFO  o.e.m.c.i.embedder.EclipseLogger - skip non existing resourceDirectory /home/gersonsales/github/leda/LEDA/roteiros/roteiro(4)/Roteiro-Revisao-JUnit-environment/src/test/resources
2016-06-05 19:15:24,266 [Worker-75] WARN  o.e.m.c.i.embedder.EclipseLogger - Using platform encoding (UTF-8 actually) to copy filtered resources, i.e. build is platform dependent!
2016-06-05 19:15:24,267 [Worker-75] INFO  o.e.m.c.i.embedder.EclipseLogger - skip non existing resourceDirectory /home/gersonsales/github/leda/LEDA/roteiros/roteiro(4)/Roteiro-Revisao-JUnit-environment/src/main/resources
2016-06-05 19:15:24,268 [Worker-75] WARN  o.e.m.c.i.embedder.EclipseLogger - Using platform encoding (UTF-8 actually) to copy filtered resources, i.e. build is platform dependent!
2016-06-05 19:15:24,268 [Worker-75] INFO  o.e.m.c.i.embedder.EclipseLogger - skip non existing resourceDirectory /home/gersonsales/github/leda/LEDA/roteiros/roteiro(4)/Roteiro-Revisao-JUnit-environment/src/test/resources
2016-06-05 19:15:33,186 [Worker-81] WARN  o.e.m.c.i.embedder.EclipseLogger - Using platform encoding (UTF-8 actually) to copy filtered resources, i.e. build is platform dependent!
2016-06-05 19:15:33,187 [Worker-81] INFO  o.e.m.c.i.embedder.EclipseLogger - skip non existing resourceDirectory /home/gersonsales/github/leda/LEDA/roteiros/roteiro(4)/Roteiro-Revisao-JUnit-environment/src/main/resources
2016-06-05 19:15:33,187 [Worker-81] WARN  o.e.m.c.i.embedder.EclipseLogger - Using platform encoding (UTF-8 actually) to copy filtered resources, i.e. build is platform dependent!
2016-06-05 19:15:33,188 [Worker-81] INFO  o.e.m.c.i.embedder.EclipseLogger - skip non existing resourceDirectory /home/gersonsales/github/leda/LEDA/roteiros/roteiro(4)/Roteiro-Revisao-JUnit-environment/src/test/resources
