2016-06-11 01:57:14,917 [Worker-2] WARN  o.e.m.c.i.embedder.EclipseLogger - Failure to transfer br.edu.ufcg.ccc:leda-compactor-tool:1.0.0-SNAPSHOT/maven-metadata.xml from http://web.cloud.lsd.ufcg.edu.br:44174/nexus/content/repositories/br.edu.ufcg was cached in the local repository, resolution will not be reattempted until the update interval of ufcg-maven2 has elapsed or updates are forced. Original error: Could not transfer metadata br.edu.ufcg.ccc:leda-compactor-tool:1.0.0-SNAPSHOT/maven-metadata.xml from/to ufcg-maven2 (http://web.cloud.lsd.ufcg.edu.br:44174/nexus/content/repositories/br.edu.ufcg): web.cloud.lsd.ufcg.edu.br: unknown error
2016-06-11 01:57:16,006 [Worker-2] INFO  o.e.m.c.i.l.LifecycleMappingFactory - Using org.eclipse.m2e.jdt.JarLifecycleMapping lifecycle mapping for MavenProject: br.edu.ufcg.computacao:submission:1.0 @ /home/gersonsales/github/leda/LEDA/roteiros/roteiro(3)/Roteiro-OrdenacaoTempoLinear-Countingsort-environment/pom.xml.
2016-06-11 01:57:16,108 [Worker-2] INFO  o.e.m.c.i.l.LifecycleMappingFactory - Using org.eclipse.m2e.jdt.JarLifecycleMapping lifecycle mapping for MavenProject: br.edu.ufcg.computacao:submission:1.0 @ /home/gersonsales/github/leda/LEDA/roteiros/roteiro(3)/Roteiro-OrdenacaoTempoLinear-Countingsort-environment (1)/pom.xml.
2016-06-11 01:57:17,124 [Worker-2] INFO  o.e.m.j.i.AbstractJavaProjectConfigurator - Adding source folder /Roteiro-OrdenacaoTempoLinear-Countingsort-environment (1)/src/main/java
2016-06-11 01:57:17,125 [Worker-2] INFO  o.e.m.j.i.AbstractJavaProjectConfigurator - Adding source folder /Roteiro-OrdenacaoTempoLinear-Countingsort-environment (1)/src/test/java
2016-06-11 01:57:17,853 [Worker-2] INFO  o.e.m.c.i.p.ProjectConfigurationManager - Imported and configured 2 project(s) in 3 sec
2016-06-11 01:57:18,661 [Worker-13] WARN  o.e.m.c.i.embedder.EclipseLogger - Using platform encoding (UTF-8 actually) to copy filtered resources, i.e. build is platform dependent!
2016-06-11 01:57:18,663 [Worker-13] INFO  o.e.m.c.i.embedder.EclipseLogger - skip non existing resourceDirectory /home/gersonsales/github/leda/LEDA/roteiros/roteiro(3)/Roteiro-OrdenacaoTempoLinear-Countingsort-environment/src/main/resources
2016-06-11 01:57:18,666 [Worker-13] WARN  o.e.m.c.i.embedder.EclipseLogger - Using platform encoding (UTF-8 actually) to copy filtered resources, i.e. build is platform dependent!
2016-06-11 01:57:18,666 [Worker-13] INFO  o.e.m.c.i.embedder.EclipseLogger - skip non existing resourceDirectory /home/gersonsales/github/leda/LEDA/roteiros/roteiro(3)/Roteiro-OrdenacaoTempoLinear-Countingsort-environment/src/test/resources
2016-06-11 01:57:19,448 [Worker-14] WARN  o.e.m.c.i.embedder.EclipseLogger - Using platform encoding (UTF-8 actually) to copy filtered resources, i.e. build is platform dependent!
2016-06-11 01:57:19,449 [Worker-14] INFO  o.e.m.c.i.embedder.EclipseLogger - skip non existing resourceDirectory /home/gersonsales/github/leda/LEDA/roteiros/roteiro(3)/Roteiro-OrdenacaoTempoLinear-Countingsort-environment (1)/src/main/resources
2016-06-11 01:57:19,451 [Worker-14] WARN  o.e.m.c.i.embedder.EclipseLogger - Using platform encoding (UTF-8 actually) to copy filtered resources, i.e. build is platform dependent!
2016-06-11 01:57:19,452 [Worker-14] INFO  o.e.m.c.i.embedder.EclipseLogger - skip non existing resourceDirectory /home/gersonsales/github/leda/LEDA/roteiros/roteiro(3)/Roteiro-OrdenacaoTempoLinear-Countingsort-environment (1)/src/test/resources
2016-06-11 01:57:32,134 [Worker-13] INFO  o.e.m.c.i.p.ProjectConfigurationManager - Update started
2016-06-11 01:57:32,333 [Worker-13] WARN  o.e.m.c.i.embedder.EclipseLogger - Failure to transfer br.edu.ufcg.ccc:leda-compactor-tool:1.0.0-SNAPSHOT/maven-metadata.xml from http://web.cloud.lsd.ufcg.edu.br:44174/nexus/content/repositories/br.edu.ufcg was cached in the local repository, resolution will not be reattempted until the update interval of ufcg-maven2 has elapsed or updates are forced. Original error: Could not transfer metadata br.edu.ufcg.ccc:leda-compactor-tool:1.0.0-SNAPSHOT/maven-metadata.xml from/to ufcg-maven2 (http://web.cloud.lsd.ufcg.edu.br:44174/nexus/content/repositories/br.edu.ufcg): web.cloud.lsd.ufcg.edu.br: unknown error
2016-06-11 01:57:32,351 [Worker-13] INFO  o.e.m.c.i.l.LifecycleMappingFactory - Using org.eclipse.m2e.jdt.JarLifecycleMapping lifecycle mapping for MavenProject: br.edu.ufcg.computacao:submission:1.0 @ /home/gersonsales/github/leda/LEDA/roteiros/roteiro(3)/Roteiro-OrdenacaoTempoLinear-Countingsort-environment/pom.xml.
2016-06-11 01:57:32,410 [Worker-13] INFO  o.e.m.j.i.AbstractJavaProjectConfigurator - Adding source folder /Roteiro-OrdenacaoTempoLinear-Countingsort-environment/src/main/java
2016-06-11 01:57:32,411 [Worker-13] INFO  o.e.m.j.i.AbstractJavaProjectConfigurator - Adding source folder /Roteiro-OrdenacaoTempoLinear-Countingsort-environment/src/test/java
2016-06-11 01:57:32,469 [Worker-13] INFO  o.e.m.c.i.p.ProjectConfigurationManager - Update completed: 0 sec
2016-06-11 01:57:32,803 [Worker-5] WARN  o.e.m.c.i.embedder.EclipseLogger - Using platform encoding (UTF-8 actually) to copy filtered resources, i.e. build is platform dependent!
2016-06-11 01:57:32,803 [Worker-5] INFO  o.e.m.c.i.embedder.EclipseLogger - skip non existing resourceDirectory /home/gersonsales/github/leda/LEDA/roteiros/roteiro(3)/Roteiro-OrdenacaoTempoLinear-Countingsort-environment/src/main/resources
2016-06-11 01:57:32,805 [Worker-5] WARN  o.e.m.c.i.embedder.EclipseLogger - Using platform encoding (UTF-8 actually) to copy filtered resources, i.e. build is platform dependent!
2016-06-11 01:57:32,805 [Worker-5] INFO  o.e.m.c.i.embedder.EclipseLogger - skip non existing resourceDirectory /home/gersonsales/github/leda/LEDA/roteiros/roteiro(3)/Roteiro-OrdenacaoTempoLinear-Countingsort-environment/src/test/resources
2016-06-14 22:50:14,749 [Worker-3] WARN  o.e.m.c.i.embedder.EclipseLogger - Using platform encoding (UTF-8 actually) to copy filtered resources, i.e. build is platform dependent!
2016-06-14 22:50:14,913 [Worker-3] INFO  o.e.m.c.i.embedder.EclipseLogger - skip non existing resourceDirectory /home/gersonsales/github/leda/LEDA/roteiros/roteiro(3)/Roteiro-OrdenacaoTempoLinear-Countingsort-environment/src/main/resources
2016-06-14 22:50:14,921 [Worker-3] WARN  o.e.m.c.i.embedder.EclipseLogger - Using platform encoding (UTF-8 actually) to copy filtered resources, i.e. build is platform dependent!
2016-06-14 22:50:14,921 [Worker-3] INFO  o.e.m.c.i.embedder.EclipseLogger - skip non existing resourceDirectory /home/gersonsales/github/leda/LEDA/roteiros/roteiro(3)/Roteiro-OrdenacaoTempoLinear-Countingsort-environment/src/test/resources
